1123
103 1011 788
106 1046 380
349 791 358
108 791 326
535 1135 777
368 636 1120
669 581 834
1038 221 202
70 245 226
604 245 202
736 491 414
918 525 414
781 525 380
1103 690 190
1069 584 918
455 622 918
1072 209 834
163 864 563
799 844 543
987 904 1004
1079 858 1004
365 1136 1085
327 1136 1125
235 380 255
975 130 328
277 1034 1050
384 41 173
28 953 995
171 688 667
1027 443 897
151 407 897
388 716 454
224 1141 290
46 1082 98
871 33 975
467 277 1118
1061 71 421
429 71 395
802 223 695
444 1166 394
281 503 927
985 481 949
72 1172 456
419 133 586
548 133 566
674 153 566
7 153 586
82 1002 264
653 1002 208
221 625 241
109 625 273
357 593 241
458 780 1050
558 826 1096
637 145 911
963 145 957
706 158 262
35 180 262
67 267 1008
1036 237 978
765 802 552
691 802 592
547 136 419
203 136 443
289 784 1128
68 555 405
117 585 375
649 585 405
1097 520 248
582 464 248
423 598 1058
292 598 1038
603 578 1058
264 669 48
854 1161 1012
418 834 868
387 868 347
190 844 371
900 825 12
907 542 510
386 570 510
570 930 495
270 636 1121
1087 532 764
275 210 738
340 1046 494
636 1044 496
715 780 228
833 435 764
725 532 763
848 235 105
283 143 103
948 721 1009
97 525 1131
343 483 55
698 290 454
318 289 121
974 858 1049
947 56 1088
950 55 1197
949 430 1091
966 381 255
782 42 123
85 954 995
1104 689 715
543 1081 98
361 1132 895
469 277 1117
841 23 816
702 78 871
69 40 752
254 40 684
335 1001 208
628 947 264
914 92 702
1070 464 303
681 863 500
177 728 48
1120 834 867
378 834 803
865 228 1161
818 348 928
1094 292 928
955 347 929
170 301 321
307 945 788
693 932 381
14 790 358
84 791 327
880 760 326
665 791 357
195 1199 777
94 1135 775
989 977 88
823 907 158
389 653 832
940 436 764
490 529 765
1078 435 763
363 524 414
360 524 380
169 234 11
588 632 190
1029 690 188
1050 966 28
1065 923 29
370 965 29
215 584 919
968 188 455
47 289 120
15 55 1196
463 56 1197
780 1136 1124
1060 1096 1124
523 1097 1125
513 702 625
421 616 625
899 616 533
596 703 624
514 702 533
86 129 328
409 130 287
881 88 287
1089 129 286
599 443 862
755 443 896
911 442 897
960 716 455
196 715 454
402 1141 255
451 1141 289
926 1106 290
503 383 458
961 341 1052
425 279 1118
1051 1092 645
0 1123 614
743 1124 645
896 1124 615
445 225 615
607 301 615
75 1136 103
253 152 1059
557 152 1027
903 624 241
111 624 273
473 594 241
515 593 242
728 441 213
748 879 890
773 909 922
951 879 922
991 878 891
936 238 1008
800 802 553
250 763 592
437 155 702
598 154 765
286 1121 961
727 1122 928
44 1044 1140
497 1001 1139
40 428 360
654 585 376
619 584 405
220 555 376
984 584 375
296 555 404
102 556 375
584 110 32
449 191 144
585 192 179
364 157 144
537 156 145
12 157 180
58 768 804
1054 833 867
539 413 623
573 369 623
375 1010 854
1057 945 855
1074 932 494
1116 934 381
288 780 177
640 738 1124
924 909 89
912 979 157
925 582 832
946 531 762
908 532 761
324 245 203
839 221 225
776 244 226
645 222 226
927 244 202
708 233 11
238 720 1055
572 675 1008
62 213 834
27 569 1130
861 398 52
372 291 557
191 290 558
210 187 557
840 361 49
740 291 47
810 858 1048
309 859 1005
703 904 1006
803 160 1088
789 702 624
767 424 301
356 425 300
200 380 299
957 426 299
32 381 256
204 1008 994
54 953 993
687 736 669
657 690 667
494 689 714
568 1036 96
1016 1082 54
635 1037 53
420 1081 53
428 1084 846
240 1131 895
471 1133 893
269 1131 845
125 1132 894
508 1132 846
1035 96 395
1014 97 420
48 71 420
152 71 396
22 72 421
682 23 869
859 24 816
849 23 817
176 300 615
95 225 694
747 223 692
492 223 618
522 40 686
741 1135 105
1052 1134 190
670 1174 506
663 1172 458
1064 1002 210
51 947 263
851 826 1094
267 780 1094
1 145 913
135 143 911
853 100 912
280 159 419
777 160 420
76 136 420
30 160 442
988 159 443
251 785 1185
132 466 248
460 466 304
236 519 303
852 860 421
836 845 371
754 868 370
156 844 348
333 867 371
589 867 347
239 844 370
717 825 35
60 801 35
813 825 13
130 824 12
1059 347 928
701 346 929
385 569 510
456 542 509
758 342 277
811 302 321
895 300 319
965 1043 493
367 1137 712
332 1136 713
602 1199 776
39 909 158
980 978 157
341 975 160
1100 907 156
81 653 830
310 435 671
730 995 664
205 934 603
141 994 665
282 932 605
1030 931 664
1034 232 105
248 148 11
328 689 188
962 688 131
1110 630 187
1080 924 29
575 586 918
110 620 956
186 584 920
660 586 956
410 585 955
745 621 919
905 585 919
892 863 563
1107 845 563
290 844 544
655 845 543
744 863 543
824 864 544
952 844 562
531 864 562
234 189 456
756 291 120
561 361 50
986 55 1092
967 60 1088
845 1096 1123
998 1097 1124
529 1135 1086
882 1136 1087
564 616 623
672 617 534
680 700 533
826 618 625
1114 129 327
618 90 328
888 1033 1070
172 1034 1051
87 1033 1050
96 1015 1050
611 1014 1069
794 1014 1051
1058 1034 1069
832 1008 941
897 1006 995
29 1008 993
64 1009 942
211 442 896
185 407 863
34 1141 256
774 1107 290
158 1107 254
123 383 552
1022 32 940
921 31 975
247 340 1118
867 277 1115
768 24 869
650 25 870
382 78 817
919 303 691
150 301 617
304 1134 107
45 1167 392
856 482 927
100 503 948
920 482 949
1109 502 927
648 152 586
942 152 566
164 153 567
616 134 586
956 133 567
877 134 566
440 946 211
183 1035 828
219 1056 807
147 1035 806
291 1056 827
443 1034 807
507 158 283
140 179 284
1021 159 284
124 179 262
796 180 263
870 180 283
785 159 262
400 530 214
383 801 591
997 801 553
742 92 704
198 842 1131
366 1044 1181
1010 1043 1140
17 1044 1141
476 1043 1182
580 356 358
801 425 433
772 352 362
496 427 431
120 465 250
454 786 500
1081 861 499
181 783 425
729 598 1039
923 597 1038
1007 597 1058
634 598 1057
90 578 1057
527 578 1039
752 110 33
143 727 47
835 669 45
155 191 179
996 156 146
278 156 178
837 157 145
632 768 865
658 229 1162
314 228 1163
898 411 580
633 411 624
1019 295 873
165 345 929
1002 348 926
380 946 855
1091 1010 853
483 1046 489
474 1042 493
1032 759 328
465 789 358
450 759 356
559 790 357
77 790 327
891 791 356
825 760 357
982 829 177
822 782 176
1106 828 176
711 642 1120
805 738 1126
1009 531 760
506 995 607
262 995 663
821 493 380
1084 524 381
237 493 414
869 491 412
486 491 382
302 524 413
475 232 104
217 236 16
935 689 187
549 721 1053
578 676 1008
601 673 1053
1056 719 1055
326 210 829
938 570 1174
846 525 1133
9 568 1130
893 189 458
876 292 460
315 290 555
526 901 1050
424 904 1047
546 858 1047
413 157 1088
879 60 1089
166 68 537
762 495 1091
433 432 1090
928 497 1023
502 429 1025
571 615 621
26 423 255
331 425 257
59 382 300
978 425 299
279 426 258
396 42 125
553 91 126
1063 689 669
718 690 668
66 690 714
554 733 667
246 716 456
1075 686 456
806 687 483
540 686 482
820 472 552
656 473 461
19 1080 53
1037 1039 98
885 1036 95
415 1079 52
623 1130 845
566 1132 893
828 1084 847
910 342 1115
104 1093 615
162 1124 644
1033 1124 616
1045 1094 614
322 1123 615
858 1092 616
398 298 695
311 37 752
536 183 1057
945 183 1029
79 151 1029
510 593 271
646 625 271
188 623 241
857 824 1051
977 825 1094
700 783 1050
775 826 1093
1102 823 1050
303 780 1053
362 145 914
719 101 956
308 101 912
342 909 891
268 910 892
757 880 922
639 910 920
779 879 921
724 238 1007
683 267 1006
972 266 979
563 266 1007
1031 265 1008
819 237 980
416 95 702
592 153 764
620 96 701
784 155 762
133 1090 927
872 1120 961
493 1122 959
468 1121 928
797 1089 960
542 1121 960
1096 1120 927
11 1088 929
339 423 434
394 555 403
427 556 376
759 585 403
816 858 501
532 787 500
1113 672 47
80 669 44
453 833 865
569 770 804
213 834 864
933 830 868
101 344 318
844 300 318
678 300 280
675 1045 489
478 1037 380
538 931 387
173 930 388
953 1046 487
337 936 382
694 1039 495
379 780 225
544 782 177
863 829 178
778 829 226
624 1138 775
834 1140 777
979 1198 775
901 910 158
16 912 160
119 977 157
187 976 90
1066 653 829
576 650 832
995 233 14
873 145 16
600 965 27
121 925 29
276 214 740
915 302 742
91 299 739
393 402 53
860 191 557
875 293 121
732 358 48
560 358 120
222 58 1194
138 59 1195
878 66 632
56 64 634
944 431 1088
1053 1097 1123
917 1136 1122
533 1099 1085
817 701 536
615 91 328
941 130 325
306 127 328
391 90 327
178 128 287
712 1009 943
922 53 314
23 49 238
753 385 460
462 381 464
466 279 1055
209 97 419
581 71 397
808 96 396
439 95 395
122 73 395
417 96 420
1043 73 421
43 72 420
78 78 818
545 79 867
764 227 617
179 300 618
733 297 615
399 303 689
890 297 695
297 225 691
667 36 752
1047 37 751
294 40 688
426 1167 391
505 1170 394
432 1002 212
194 950 208
791 946 260
407 532 122
664 442 122
913 441 209
258 764 553
249 800 591
351 801 554
447 799 552
485 763 590
787 840 1130
1071 784 1182
8 841 1183
381 787 1185
233 1002 1140
71 1001 1181
731 1043 1181
593 467 303
4 517 303
197 465 301
696 518 250
686 787 423
127 861 425
10 859 499
6 68 34
313 69 33
442 110 34
180 768 863
530 772 803
271 229 1163
452 279 1163
750 281 1165
541 410 624
376 411 581
350 411 623
245 371 581
643 372 580
316 371 623
737 292 925
916 344 929
884 347 876
404 345 928
272 346 927
265 570 508
1073 543 509
42 569 509
299 542 508
344 568 482
651 570 484
113 569 483
684 543 483
707 568 510
128 945 792
688 948 855
1046 943 794
504 945 852
243 946 791
348 943 850
647 1010 793
1006 1041 385
690 734 1124
904 913 88
771 910 91
160 979 154
638 907 154
677 649 832
1108 583 766
1048 583 830
57 586 763
662 527 762
1003 532 757
115 439 762
334 934 605
721 222 203
518 245 204
735 222 225
52 223 226
49 245 224
583 243 202
868 221 224
519 244 225
112 493 381
207 522 380
520 494 414
812 491 383
746 524 382
610 525 383
550 144 18
709 688 133
1024 718 1009
477 674 1053
345 677 1008
63 720 1053
182 720 1011
722 586 919
517 621 920
788 587 918
330 621 954
2 620 919
969 211 828
105 305 746
319 527 1174
459 529 1176
1055 567 1130
371 567 1176
301 400 50
516 481 51
228 291 552
699 188 553
202 902 1006
929 900 1004
74 904 1046
605 66 537
403 63 634
1017 70 627
671 499 1027
377 494 1022
831 431 1087
431 618 622
1092 381 298
317 382 257
411 426 297
274 87 123
751 88 124
1004 41 127
263 688 711
710 736 711
697 692 715
20 443 894
13 408 895
556 443 864
499 442 895
154 441 896
293 408 863
148 50 240
591 49 239
954 1140 256
973 1139 289
359 1106 256
435 1139 255
244 1138 290
159 1138 254
738 468 554
55 1078 52
1112 1081 95
412 1039 97
714 1078 98
579 1082 56
528 1038 54
676 1037 95
320 1036 56
685 31 940
501 0 975
1098 32 941
149 1130 846
137 1132 892
397 1084 848
354 228 693
586 36 685
395 38 687
889 39 688
1005 37 686
847 1138 106
18 1140 192
414 1173 503
392 1174 504
1020 1174 458
405 824 1094
644 782 1094
352 825 1053
295 784 1050
1090 143 955
930 103 911
227 101 913
157 142 956
804 439 206
142 530 211
369 94 762
489 96 764
1068 153 763
134 160 421
641 158 419
61 159 420
498 159 442
970 137 442
199 136 441
1067 160 441
93 138 419
408 137 420
1011 136 421
886 1122 958
815 1120 960
883 1091 961
790 1089 959
793 1119 961
216 1121 929
261 842 1181
795 785 1182
1076 787 1130
1119 785 1132
1042 352 364
41 425 431
679 860 497
761 859 498
436 861 426
401 786 497
464 191 178
1023 159 144
242 156 177
193 192 147
760 190 145
338 190 179
829 157 178
932 159 180
855 1164 1081
83 846 347
689 868 369
92 844 349
1095 866 371
174 845 370
24 867 348
629 825 14
145 823 12
567 801 14
630 802 35
606 803 36
609 824 13
88 824 35
511 801 34
976 342 319
992 303 278
353 301 280
487 344 317
259 340 321
161 302 279
25 340 277
716 302 319
214 762 326
1121 788 326
184 790 328
1018 791 355
786 760 356
959 828 178
1082 784 228
305 780 180
118 782 178
329 826 176
1041 733 1125
126 973 159
612 973 89
373 972 160
167 907 153
770 588 762
50 582 828
260 583 829
1093 650 766
937 530 758
257 994 662
488 934 606
666 991 605
792 931 661
642 230 13
1117 143 20
232 147 16
5 630 136
481 686 188
136 923 26
981 966 25
705 213 829
597 298 740
1115 864 545
902 862 543
521 863 562
887 846 563
617 845 544
273 845 562
783 862 563
146 844 561
827 482 49
336 291 551
1111 358 118
206 161 1095
1039 63 1196
256 62 633
1122 497 1026
114 493 1090
241 432 1087
713 435 1090
33 495 1088
1118 1098 1087
430 1099 1086
491 1132 1085
590 1135 1122
472 1135 1088
1062 1133 1086
1001 1134 1123
625 1132 1125
842 1099 1124
438 700 537
906 622 625
943 90 288
1026 91 327
766 130 290
749 126 286
769 129 325
1101 1015 1051
661 1033 1069
448 1016 1070
325 1015 1069
565 1014 1068
300 1034 1068
814 1034 1052
441 1032 1050
934 1033 1051
763 1014 1052
524 91 128
168 87 124
999 86 173
595 1009 944
208 1007 942
862 49 316
479 54 245
1015 686 481
192 716 481
321 716 457
723 713 454
850 715 456
577 687 456
1012 713 484
99 689 454
864 389 458
704 1130 893
695 1084 891
668 1084 849
284 1133 890
652 343 1112
1040 277 1112
285 343 1058
38 340 1055
739 1092 617
673 1121 614
613 1093 644
931 1095 646
1008 1095 614
512 1124 643
993 1093 616
994 1122 615
983 1123 644
484 75 870
562 77 818
622 27 816
1000 79 820
153 1137 188
131 180 1059
964 181 1028
807 152 1029
509 182 1057
470 154 1027
434 183 1030
1086 181 1058
1105 182 1029
116 153 1028
347 154 1059
1085 1168 343
552 1171 340
909 1169 392
692 1167 344
457 483 927
266 501 927
555 481 947
594 503 947
390 482 928
574 502 928
374 482 948
798 1177 456
1049 1177 506
223 1175 458
587 1173 460
346 1174 503
525 152 585
551 152 567
37 153 568
298 134 567
231 135 586
866 134 585
1044 135 566
65 133 568
189 153 584
894 151 586
21 151 566
1028 949 262
461 1000 211
1025 947 260
446 1054 828
144 1035 807
226 1055 807
175 1056 826
225 1034 826
36 1035 827
355 625 270
129 593 270
971 595 242
838 623 272
107 624 271
255 596 241
621 624 243
3 594 271
958 159 283
229 180 264
312 178 262
608 179 283
98 159 263
1088 158 264
480 180 282
726 179 263
252 178 284
482 160 262
139 527 119
614 526 214
358 526 118
1099 881 922
406 880 891
843 880 921
627 909 920
534 267 981
990 240 978
1077 266 1006
809 264 978
830 265 1007
659 238 1006
212 267 1005
422 266 980
626 238 980
31 800 590
874 798 592
89 762 556
218 801 589
939 799 591
495 766 592
1013 763 589
734 800 554
73 97 764
1083 95 762
720 154 761
323 152 703
500 152 763
287 1001 1180
631 1042 1141
230 1040 1183
53 1004 1183
201 1041 1182
