1014
801 179 316
793 33 252
628 148 136
456 131 309
443 24 380
519 286 185
211 220 131
355 288 362
48 51 350
309 276 40
474 131 336
695 129 197
603 382 32
325 308 323
82 122 341
244 19 363
93 331 100
696 260 298
129 25 204
194 350 393
928 399 36
195 75 371
345 360 314
299 366 353
6 344 127
1004 379 68
758 4 213
139 304 288
19 90 90
735 148 224
754 95 153
413 150 363
60 317 203
876 25 356
712 224 67
872 343 76
658 395 270
777 349 68
136 60 203
283 106 36
949 383 291
41 232 199
331 263 386
304 83 246
678 8 198
829 235 185
143 328 353
441 392 94
23 161 390
535 219 383
412 180 324
138 40 318
813 388 234
383 323 275
357 375 249
890 39 1
50 265 75
470 355 32
268 237 165
810 353 84
973 206 200
689 58 343
431 116 223
368 248 300
704 187 370
941 13 2
505 1 41
354 303 89
978 356 158
789 33 157
77 97 340
765 38 332
58 121 398
969 40 335
408 155 231
596 324 379
909 187 136
853 21 263
933 366 112
365 38 46
451 249 259
191 275 364
688 375 389
791 284 54
471 340 379
487 215 256
4 167 79
290 8 38
422 346 366
848 26 314
125 49 202
572 283 304
1006 375 290
864 82 22
666 192 187
561 337 136
447 354 72
342 55 206
726 118 98
350 258 10
433 92 25
310 320 8
616 202 395
573 6 102
592 120 108
380 282 21
674 148 168
792 361 345
47 316 196
271 45 173
400 125 165
241 113 163
629 307 153
439 81 271
391 20 246
869 164 136
220 355 348
630 72 312
192 275 160
326 294 163
752 2 85
302 393 82
954 274 220
159 371 81
694 310 211
867 279 280
955 221 47
528 172 201
189 155 154
164 312 21
539 5 272
896 78 70
429 349 336
514 173 332
86 111 191
295 351 365
716 206 156
13 316 389
593 277 104
501 307 327
381 91 29
799 376 179
669 234 21
90 57 135
475 200 78
69 264 85
868 135 261
379 113 15
432 372 382
320 378 29
926 197 257
680 336 303
632 397 68
834 389 80
486 247 85
284 198 332
71 275 52
339 118 340
79 14 314
807 300 173
917 1 22
445 220 266
846 23 180
529 141 74
12 264 296
26 361 39
40 93 89
362 117 189
344 82 218
130 168 337
818 11 274
668 222 219
667 267 181
717 94 151
513 309 303
975 121 213
708 376 69
131 216 84
24 165 43
382 103 354
182 57 220
52 206 132
64 384 214
947 32 238
335 232 144
168 99 362
843 72 47
204 231 361
548 87 17
556 320 96
607 105 100
652 135 292
94 187 122
871 392 333
208 175 255
859 89 101
698 49 70
229 204 101
873 36 383
578 150 384
907 14 42
774 392 189
649 318 75
929 23 49
741 181 213
983 174 164
46 192 128
181 320 80
230 27 52
266 54 210
480 37 345
772 383 335
536 23 27
559 13 72
322 328 61
661 16 276
957 181 319
1002 379 387
488 303 240
497 320 72
692 214 328
923 345 341
924 251 370
714 16 131
602 308 353
469 0 344
18 20 27
557 27 188
305 170 90
428 374 112
707 346 221
491 32 264
809 178 390
410 259 226
449 165 217
805 314 20
257 121 208
581 276 109
738 38 89
190 13 214
699 23 39
739 386 79
2 366 370
455 331 382
584 320 83
546 186 355
764 351 301
886 259 293
8 17 352
910 110 229
463 272 388
898 65 360
11 351 268
1010 47 3
583 367 396
744 99 52
446 109 276
888 351 382
296 169 149
38 155 390
223 350 284
806 342 28
360 334 13
406 202 213
83 3 29
301 183 85
838 236 181
877 184 127
329 220 373
81 24 86
358 259 122
811 297 332
986 278 3
158 15 121
171 386 45
453 383 72
857 365 102
625 325 4
209 6 275
370 107 160
914 229 244
317 352 194
710 256 174
748 58 217
278 156 341
328 264 350
397 30 213
671 275 280
563 249 254
462 115 338
897 158 89
146 17 171
121 242 77
534 168 293
399 348 345
967 228 209
882 190 277
91 357 289
974 41 337
921 49 1
387 20 168
66 180 371
976 234 389
769 53 154
817 312 247
800 228 212
148 255 227
802 286 390
552 377 346
842 43 236
512 298 274
524 345 357
127 228 364
784 187 332
981 397 138
54 247 220
273 94 86
7 175 257
757 132 108
936 292 281
697 115 179
847 318 185
92 210 26
245 221 18
141 198 383
308 310 112
821 178 290
318 308 378
530 243 277
402 254 25
785 317 303
101 42 396
95 228 80
722 150 185
911 314 279
53 334 128
831 228 246
701 14 168
120 179 372
731 154 208
564 91 50
851 34 266
972 329 125
375 110 164
679 109 164
349 376 387
874 66 371
750 372 269
647 293 9
858 142 23
425 319 171
285 322 388
711 281 186
903 394 333
252 280 149
411 332 73
644 292 84
582 295 228
75 85 128
415 95 164
255 258 365
1008 283 347
70 166 202
608 229 99
1005 381 166
258 9 329
753 84 32
132 377 165
237 172 14
458 137 278
303 167 398
540 375 33
825 304 35
854 248 326
944 136 385
376 120 343
478 175 21
622 114 288
351 66 264
721 225 241
343 332 340
822 40 75
307 349 214
542 355 70
790 37 183
126 174 54
579 77 311
621 158 328
918 37 66
63 172 264
527 226 379
356 152 392
966 254 143
998 46 305
207 103 298
293 120 87
588 0 171
249 112 12
175 256 10
676 74 180
173 152 383
849 353 364
751 266 239
916 280 266
508 249 285
298 397 375
336 257 245
468 225 187
369 331 381
835 172 293
724 103 177
363 273 178
390 288 358
483 372 224
374 353 91
878 71 250
720 382 315
461 335 20
165 119 269
650 192 112
300 0 77
103 232 117
106 356 282
347 46 358
706 83 45
520 142 227
359 241 57
946 382 175
544 397 271
442 245 263
291 37 289
150 207 46
795 290 31
464 193 272
17 113 294
1013 339 269
218 239 68
657 341 150
747 33 201
319 316 284
161 56 15
21 200 357
895 130 229
771 283 256
479 268 164
715 92 52
925 217 43
373 23 156
550 204 69
953 171 36
740 395 127
28 343 351
541 309 44
935 162 170
198 154 377
515 97 30
840 42 314
994 111 197
25 326 386
963 146 253
334 112 102
905 205 47
938 206 76
421 140 63
5 126 180
155 230 63
623 271 194
845 30 31
424 382 19
465 17 252
324 258 319
435 143 389
824 90 254
570 167 13
690 349 362
893 88 1
939 160 378
197 104 6
725 270 162
990 154 247
215 198 47
682 308 273
332 344 125
855 229 171
44 147 362
700 202 399
196 366 197
264 143 312
430 82 30
183 131 63
775 21 19
274 312 275
850 195 231
619 13 73
492 398 209
733 326 259
254 211 364
409 147 166
1011 244 27
214 258 127
549 130 225
3 314 139
122 379 218
932 137 223
631 74 311
597 75 319
472 235 229
145 255 109
1009 315 83
996 104 246
248 9 33
883 274 91
589 169 315
33 317 384
482 127 105
836 133 383
427 291 176
670 88 125
262 285 90
585 367 144
156 70 33
414 88 18
532 397 72
467 179 285
642 370 148
875 322 207
985 32 63
200 392 42
899 385 349
420 87 208
545 317 38
137 230 58
518 60 120
574 395 393
59 328 332
102 69 112
734 159 294
96 384 23
419 290 341
687 56 369
681 304 378
879 245 20
987 366 351
134 156 306
166 237 242
270 23 170
922 222 141
755 127 50
68 137 3
416 71 310
576 312 117
595 251 262
1007 64 103
533 395 38
627 240 285
523 107 123
727 305 177
852 88 388
281 357 394
444 322 307
537 367 24
591 174 363
22 66 255
553 165 253
705 122 293
942 13 59
162 124 96
30 69 231
246 157 201
394 114 167
803 28 63
109 72 322
118 45 270
598 54 118
902 322 235
149 165 267
315 371 338
880 385 139
116 233 113
34 20 39
767 341 299
234 224 218
476 382 336
16 313 41
348 357 303
565 240 126
558 374 73
773 133 235
940 176 309
154 329 117
250 98 55
506 313 2
919 345 114
862 134 295
516 272 259
931 119 67
157 331 222
703 117 62
1012 108 76
232 328 75
313 72 25
968 219 253
151 399 81
691 48 204
912 91 387
730 214 241
185 359 15
920 69 29
798 205 56
338 198 174
551 20 195
580 232 241
395 101 290
438 39 151
531 112 319
163 146 92
502 187 315
828 302 59
436 260 8
457 6 300
759 203 232
108 334 178
115 121 349
904 396 104
999 5 15
485 257 158
117 86 235
228 108 190
648 255 131
39 97 259
178 342 57
316 335 97
213 140 228
396 384 355
489 197 9
656 77 47
9 265 49
948 89 294
891 178 102
51 125 237
1003 63 245
404 253 4
29 60 62
600 273 54
844 108 175
128 5 293
685 361 314
970 248 121
768 133 198
820 236 92
226 169 310
677 299 272
1000 370 101
259 287 273
562 288 168
640 225 258
815 305 344
952 20 147
78 252 228
172 80 318
737 142 270
778 168 23
289 134 35
384 208 170
937 79 247
261 27 98
992 191 230
781 319 384
839 70 30
885 383 325
870 47 335
216 230 117
418 351 167
481 13 279
770 271 139
814 28 207
174 236 121
473 234 269
991 224 153
620 380 161
729 375 42
110 69 80
510 320 146
865 192 274
205 228 23
606 370 4
247 324 239
571 166 69
321 108 391
945 383 377
160 46 144
385 227 4
613 362 390
826 15 17
927 332 259
74 245 205
684 72 288
45 153 151
611 294 162
80 226 38
686 47 312
388 285 118
251 106 337
169 84 218
962 358 215
87 357 236
392 364 176
594 21 66
386 198 141
641 301 89
908 30 185
894 65 316
749 137 214
113 165 14
554 221 346
72 164 226
99 5 228
36 50 331
762 173 233
982 256 119
995 363 335
989 332 347
170 344 265
683 311 73
279 200 69
280 347 194
517 324 37
609 125 174
459 173 369
522 49 19
184 360 133
709 172 285
760 109 195
856 268 179
0 232 290
663 96 236
124 331 148
366 214 372
265 11 386
67 134 80
352 253 193
224 213 292
231 196 153
297 83 259
610 2 353
340 148 17
702 336 55
495 321 198
718 108 157
881 171 238
206 237 8
951 257 125
466 112 20
626 99 274
210 263 361
494 359 198
454 273 127
236 63 16
743 325 303
221 192 178
913 353 342
256 157 80
107 93 79
634 380 216
509 36 334
615 205 77
225 260 57
569 77 162
713 82 244
605 61 213
477 218 194
538 46 143
645 64 344
958 257 269
73 89 51
240 297 257
841 110 363
732 211 110
10 120 82
286 44 286
525 5 105
55 354 205
364 207 172
1001 362 8
144 328 269
590 30 274
673 249 91
984 245 95
587 51 193
672 87 320
98 18 389
62 48 217
104 251 232
105 147 110
153 47 392
267 45 81
378 343 389
819 129 276
934 332 65
212 121 376
49 137 318
235 47 50
889 212 42
217 97 121
901 356 334
393 148 120
1 375 18
88 151 355
37 138 125
372 203 108
728 140 5
437 165 79
193 184 154
277 379 206
490 219 17
965 351 172
979 208 191
971 264 152
639 224 223
243 170 319
341 330 107
20 140 367
180 25 271
961 13 43
403 346 75
560 339 144
577 384 345
114 233 214
823 265 160
100 236 324
787 397 155
756 202 272
97 282 380
693 285 233
333 154 235
423 352 354
371 71 380
547 241 361
887 6 59
179 181 116
780 347 205
643 259 376
654 65 221
199 292 299
604 142 390
659 143 46
746 25 309
498 329 84
915 25 265
719 87 122
203 362 228
448 307 340
675 129 335
832 159 88
112 291 1
993 179 333
504 267 251
637 87 32
89 281 274
337 327 97
575 55 363
892 399 22
119 107 136
997 252 355
964 214 152
76 249 373
405 115 118
660 164 21
167 251 41
346 366 1
830 276 388
272 226 361
782 20 322
665 201 322
988 219 390
152 92 237
239 264 208
507 274 145
812 253 351
123 231 18
796 48 209
493 240 282
426 272 373
32 17 184
779 156 163
651 3 345
827 346 12
188 276 345
555 231 54
816 88 322
499 24 246
222 272 245
543 38 306
884 202 271
260 121 204
662 151 20
263 312 166
276 223 344
330 320 75
452 212 397
511 78 202
417 116 389
863 332 30
85 67 141
736 99 171
950 320 121
42 211 308
960 184 341
638 279 277
407 144 372
434 318 277
766 337 119
61 80 108
147 266 17
599 235 391
111 299 341
980 3 130
253 366 211
401 357 23
201 147 285
612 286 66
633 270 92
282 126 201
135 11 381
788 268 68
956 294 133
783 174 395
176 162 323
566 236 387
786 303 86
288 389 189
311 124 155
745 162 183
327 227 91
521 262 341
794 29 108
808 362 322
238 371 150
287 131 220
242 347 338
65 385 11
943 95 157
617 80 112
314 365 346
567 387 77
377 273 126
219 93 126
601 68 42
655 148 144
833 187 181
186 137 145
635 216 339
312 201 226
804 209 233
500 69 146
306 386 209
776 50 228
15 56 311
294 227 55
653 138 314
292 359 211
460 252 297
646 104 136
526 23 385
177 59 280
233 274 170
353 163 131
31 187 25
484 241 316
503 97 177
140 186 231
761 6 169
269 334 127
496 137 345
837 44 216
27 310 33
861 112 67
398 374 345
723 194 388
389 7 234
227 80 396
742 271 224
56 307 52
84 236 209
586 221 292
906 346 31
930 106 259
440 361 173
624 32 55
797 236 395
142 248 270
664 347 290
866 32 269
14 274 344
450 288 363
133 284 95
361 146 201
900 396 317
187 122 390
568 12 255
860 293 399
275 386 146
636 327 117
959 272 147
43 41 115
57 181 72
202 139 359
367 249 95
323 263 156
35 187 304
614 182 356
618 81 311
763 215 212
977 313 354
