6257
5656 1124 1703
91 1132 1693
1429 1122 1665
4794 1091 1703
4125 1128 1646
4018 1145 1667
5225 1126 1703
4515 1099 1697
5025 1114 1665
5298 1087 1687
1508 1103 1691
3811 1142 1639
350 1149 1638
6196 1158 1651
3962 1096 1633
2037 1068 1673
101 1082 1646
121 1138 1630
3381 1109 1626
286 1086 1641
5065 1092 1646
5480 1109 1708
3334 1157 1645
3816 1107 1635
2593 1151 1639
5364 1517 1618
4889 1532 1630
261 1507 1636
745 1481 1610
2826 1520 1637
9 1483 1617
5828 1528 1624
5247 1502 1636
1144 1517 1641
2516 1490 1660
2528 1483 1647
2209 1528 1666
71 1538 1640
2294 1519 1653
411 1498 1602
115 1056 1696
6032 1483 1644
4762 1530 1638
195 1490 1656
2228 1510 1604
6217 1481 1644
2458 1514 1602
2747 1530 1658
3751 1062 1656
106 1523 1634
4807 1513 1641
2922 1534 1654
6047 1153 1623
2224 1500 1595
5180 1499 1639
3672 1513 1650
2306 1536 1648
128 1512 1597
3151 1472 1621
4555 1516 1633
3911 1168 1648
4852 1465 1623
2668 1520 1620
2365 1528 1642
2850 1504 1627
3656 1527 1641
244 1512 1660
2381 1492 1600
2424 1478 1629
701 1513 1648
4089 1088 1713
143 1496 1605
1537 1525 1624
5891 1518 1602
6226 1476 1651
4781 1512 1627
5057 1494 1638
3161 1115 1628
2320 1534 1652
869 1510 1630
2419 1461 1643
2954 1531 1662
5229 1524 1628
2870 1469 1650
1524 1486 1607
5716 1469 1652
2908 1506 1592
1362 1527 1649
476 1492 1662
1158 1469 1646
2847 1479 1618
2616 1513 1665
993 1484 1628
4628 1049 1687
4371 1485 1646
2080 1474 1641
1339 1523 1639
4632 1520 1664
331 1486 1658
3277 1109 1619
4856 1474 1629
2309 1527 1657
5893 1508 1649
1252 1508 1662
1686 1523 1607
1431 1521 1665
4899 1171 1631
4530 1477 1631
2948 1520 1632
3326 1501 1657
5807 1512 1644
1782 1518 1644
2926 1490 1655
464 1127 1609
2074 1494 1663
634 1476 1620
478 1529 1645
3055 1507 1607
59 1128 1607
5804 1082 1631
5751 1472 1636
1464 1504 1601
5433 1468 1639
4600 1505 1638
4158 1535 1654
5176 1466 1620
5559 1483 1626
1101 1106 1723
3101 1505 1641
3637 1482 1642
6189 1161 1625
4185 1482 1644
199 1504 1600
2477 1130 1607
5228 1109 1614
2881 1475 1629
1541 1495 1633
2912 1495 1601
4017 1531 1646
1237 1524 1644
1712 1526 1663
4012 1496 1633
2883 1479 1652
2749 1513 1629
336 1492 1605
640 1512 1665
4978 1494 1657
1888 1480 1629
2187 1518 1637
3789 1467 1620
3930 1514 1626
2608 1508 1593
3023 1510 1661
4231 1502 1594
1837 1496 1639
1318 1491 1652
439 1530 1622
133 1464 1646
3613 1462 1638
3666 1490 1645
1483 1472 1638
6018 1476 1612
1420 1495 1649
24 1479 1625
4124 1086 1718
5429 1505 1632
1002 1526 1661
4629 1485 1605
5554 1474 1634
390 1523 1664
1851 1511 1668
4718 1479 1654
447 1481 1621
5845 1459 1631
1706 1507 1624
1522 1513 1623
3439 1508 1631
4866 1473 1615
4739 1527 1662
5944 1503 1635
488 1518 1660
608 1524 1643
4330 1491 1660
2680 1518 1647
2377 1508 1596
5582 1460 1647
860 1528 1626
771 1467 1647
256 1459 1640
1492 1469 1627
4431 1533 1625
6165 1496 1648
6252 1483 1629
4573 1134 1609
4439 1536 1638
4525 1526 1662
4921 1520 1660
3963 1503 1657
867 1509 1641
1297 1471 1627
5048 1509 1597
5609 1532 1643
858 1480 1626
1215 1502 1659
967 1507 1669
5569 1473 1617
38 1484 1642
3273 1527 1660
753 1465 1662
352 1544 1629
4257 1533 1621
5685 1418 1653
699 1515 1551
4163 1430 1655
391 1515 1560
449 1122 1606
4368 1500 1588
2939 1532 1606
4971 1528 1609
4356 1474 1554
632 1510 1572
460 1496 1584
4152 1504 1559
1384 1020 1660
181 1047 1705
1146 1489 1665
5555 1482 1596
3583 1505 1669
1195 1488 1594
4863 1543 1649
2814 1508 1672
2905 1426 1640
5895 1180 1641
1853 1395 1662
1290 1537 1676
5762 1496 1554
2336 1509 1585
98 1430 1638
1728 1482 1553
4854 1524 1580
4255 1544 1641
4920 1390 1664
2621 1434 1656
4859 1513 1571
1674 1447 1620
2560 1092 1613
2825 1516 1583
5763 1498 1581
2726 1501 1678
19 1442 1632
2783 1483 1572
315 1439 1637
2011 1503 1573
1861 1049 1641
4873 1534 1668
4470 1531 1676
4751 1448 1653
5755 1401 1656
5943 1501 1621
3757 1044 1708
6248 1437 1635
5173 1398 1657
1445 1494 1554
332 1452 1633
3471 1445 1661
95 1518 1616
4512 1505 1580
60 1505 1554
499 1491 1664
4936 1041 1654
3176 992 1658
2838 1526 1579
1907 1533 1597
3390 1460 1653
626 1456 1662
652 1538 1628
240 1534 1622
325 1549 1652
1026 1539 1668
2656 1481 1552
1143 1480 1536
1500 1487 1583
3820 1527 1668
4844 1459 1613
3049 1483 1554
4413 1492 1590
6228 1498 1588
207 1510 1562
319 1508 1575
3453 992 1659
4295 1413 1665
3387 1422 1648
3483 1543 1617
2109 1445 1620
51 1537 1681
159 1497 1535
727 1542 1621
1111 1538 1676
1917 1483 1599
3691 1509 1570
787 1514 1556
1874 1538 1627
615 1496 1531
5302 1532 1616
4537 1450 1636
906 1033 1706
2981 1543 1673
3398 1503 1587
3431 1524 1578
4846 1481 1535
5146 1493 1555
3552 1443 1658
4291 1505 1564
2500 1058 1637
5868 1522 1575
855 1531 1682
6103 1032 1690
2829 1524 1605
731 1514 1555
3016 1069 1632
3249 1524 1585
4131 1444 1621
388 1541 1622
1226 1451 1638
2980 1473 1656
564 1513 1559
1008 1479 1537
4298 1155 1613
5407 1521 1675
1589 1481 1541
3588 1528 1581
337 1538 1613
2044 1443 1632
4377 1452 1661
765 1457 1657
994 1542 1666
710 1437 1628
4267 1441 1628
6129 1498 1549
595 1496 1579
1652 1163 1620
957 1534 1681
367 1395 1666
1822 1516 1610
4831 1493 1557
1767 1495 1677
5191 1118 1599
5924 1483 1661
763 1492 1593
4481 1542 1620
5207 1487 1623
3184 1529 1671
5537 1526 1617
3922 1526 1679
1349 1469 1609
2371 1477 1547
5331 1514 1563
2755 1474 1560
3544 1505 1546
281 1457 1663
1155 1522 1611
6197 1517 1588
4057 1537 1661
5726 1522 1578
2181 1509 1580
3517 1494 1547
1764 1497 1630
4198 1507 1564
2251 1516 1574
3907 1506 1541
5508 1098 1735
3815 1488 1627
1578 1525 1593
6092 1534 1672
5583 1489 1630
1565 1497 1541
2059 1444 1659
4655 1532 1607
317 1532 1679
606 1495 1613
6149 1497 1619
5776 1515 1672
1438 1540 1613
3269 1449 1656
1613 1504 1564
4817 1459 1655
2373 1517 1581
3650 1066 1629
3902 1511 1552
4679 1477 1564
5035 1504 1539
3276 1433 1651
938 1467 1653
2533 1514 1580
4888 1496 1590
418 1493 1588
5265 1509 1587
5294 1502 1671
1812 1452 1624
3317 1493 1625
3067 1519 1575
4911 1483 1664
5499 1457 1648
3750 1487 1582
1137 1511 1543
4816 1495 1571
823 1437 1640
6162 1536 1658
6218 1501 1610
2056 1495 1589
643 1481 1547
459 1476 1546
5349 1478 1553
3331 1547 1633
3294 1496 1540
5345 1520 1594
102 1515 1565
4463 1500 1563
1245 1494 1620
4713 1440 1660
4228 1515 1586
4616 1110 1739
1036 1516 1563
4156 1500 1669
5938 1498 1583
3784 1459 1648
4182 1517 1591
2773 1462 1620
6214 1525 1684
2643 1479 1542
5284 1441 1650
2426 1482 1566
3180 1414 1664
1676 1116 1624
5989 1477 1550
1647 1427 1652
1238 1501 1572
5749 1492 1585
2665 1516 1566
2688 1433 1660
5872 1509 1551
517 1525 1597
2733 1531 1666
1412 1512 1568
1935 1481 1602
3030 1480 1602
1134 1486 1626
939 1037 1721
4039 1502 1679
1538 1399 1660
416 1501 1622
6 1521 1671
4532 1511 1674
2531 1553 1669
1163 1503 1586
5038 1514 1540
1597 1510 1570
1458 1453 1617
3943 1448 1631
5481 1502 1618
2379 1493 1542
1176 1492 1583
1543 1115 1600
1630 1525 1617
1733 1184 1626
4351 1519 1548
3444 1537 1634
5363 1512 1559
2903 1386 1661
3408 1451 1646
4084 1452 1634
1941 1492 1535
766 1486 1592
4692 1517 1576
5272 1538 1663
4880 1541 1627
961 1498 1552
4743 1188 1636
4003 1491 1616
816 1545 1663
4174 1485 1545
5283 1514 1568
1747 1544 1652
5028 1487 1544
5973 1526 1673
4495 1510 1580
3117 1494 1551
4145 1501 1538
839 1450 1643
1149 1489 1664
760 1514 1680
6132 1489 1619
3258 1479 1543
4047 1547 1676
2342 1473 1608
3021 1517 1592
5543 1537 1668
1800 1496 1566
892 1517 1547
2800 1517 1544
3543 1484 1550
1665 1522 1596
3912 1478 1552
3232 1504 1565
3497 1517 1611
2100 1538 1660
6078 1520 1683
109 1451 1623
234 1527 1600
69 1497 1563
4030 1511 1676
3579 1504 1566
2097 1541 1670
1468 1510 1549
2129 1485 1534
2945 1498 1568
3162 1524 1577
88 1411 1665
3178 1520 1552
4642 1490 1577
1783 1522 1617
2634 1169 1619
3671 1412 1664
5222 1480 1545
613 1508 1552
589 1430 1659
5051 1421 1657
6099 1015 1676
5781 1515 1592
5557 1547 1647
1684 1493 1675
2996 1522 1679
2238 1490 1672
3969 1111 1603
3367 1517 1676
5067 1433 1635
2609 1538 1614
6039 1498 1543
5155 1536 1615
5886 1488 1577
676 1516 1573
2615 1440 1569
1221 1455 1541
6075 1551 1648
2227 1541 1581
3362 1455 1587
1415 1585 1769
3900 1398 1685
4758 1406 1675
723 1434 1626
2007 1155 1592
5208 1516 1534
3996 1567 1667
4476 1476 1674
1184 1534 1558
3333 1202 1634
5720 1466 1673
210 1585 1667
1910 1556 1641
4865 1360 1645
1248 1504 1532
1958 1542 1576
5245 1460 1607
3240 1423 1635
885 1534 1542
6104 1564 1721
4388 1400 1689
103 1567 1710
2222 1426 1553
663 1557 1638
2573 1589 1704
5668 1465 1549
4810 1572 1676
5599 1523 1690
4770 1187 1616
5798 1412 1530
4558 1469 1583
5081 1577 1691
1074 1367 1659
5961 1513 1523
4950 1561 1666
5195 1438 1592
4304 1523 1687
2994 1480 1594
5815 1454 1560
4417 1419 1562
2451 1454 1591
253 1479 1673
3081 1533 1568
4345 1537 1541
6249 1460 1537
3865 1578 1708
5362 1564 1688
6079 1477 1576
4884 1482 1672
461 1464 1551
1628 1379 1658
3663 1550 1705
3837 1443 1559
2518 1544 1554
4916 1577 1701
6070 1438 1605
648 1525 1554
5978 1555 1631
4914 1456 1599
3992 1588 1698
2940 1522 1528
707 1522 1546
3849 1582 1679
3706 1483 1525
403 1429 1597
3521 1359 1659
1841 1450 1669
3770 1554 1716
1906 1456 1596
6135 1527 1563
3534 1407 1530
5159 1546 1622
3442 1560 1670
2982 1397 1649
276 1582 1660
1061 1581 1771
5091 1358 1649
400 1410 1580
363 1420 1544
582 1446 1561
2142 1420 1547
2553 1588 1684
3351 1570 1650
238 1557 1639
1956 1575 1680
3771 1515 1535
2362 1035 1733
4085 1565 1709
5912 1575 1654
2318 1568 1659
217 1358 1663
5144 1554 1634
4404 1426 1584
4890 1556 1630
919 1556 1662
4997 1451 1592
3736 1179 1601
3394 1405 1534
6256 1401 1635
2901 1552 1672
329 1481 1679
3936 1560 1714
5675 1536 1557
848 1509 1691
3530 1520 1688
6178 1559 1704
4072 1538 1586
2654 1379 1656
3916 1413 1690
2525 1465 1542
2301 1547 1732
2646 1412 1635
3982 1560 1695
2355 1159 1713
3159 1444 1588
5834 1584 1663
5044 1427 1683
273 1559 1714
1663 1488 1685
4428 1570 1657
1717 1574 1721
6238 1466 1601
4272 1478 1572
535 1425 1634
1280 1529 1540
4528 1498 1687
5532 1466 1575
1724 1190 1615
2004 1500 1518
1646 1380 1649
3242 1447 1543
1305 1564 1730
462 1485 1566
3248 1488 1522
3376 1560 1660
3348 1521 1540
28 1555 1696
4764 1507 1530
3565 1545 1613
2446 1081 1611
3020 1395 1676
354 1483 1592
230 1455 1584
5029 1379 1653
2160 1374 1645
1571 1379 1673
5775 1408 1563
2705 1481 1673
2527 1471 1589
4579 1414 1565
6167 1580 1711
4451 1542 1557
619 1450 1675
4367 1425 1684
782 1518 1539
3600 1432 1572
5485 1446 1599
1220 1577 1717
1124 1460 1584
465 1557 1705
1302 1543 1550
90 1564 1701
2361 1524 1530
2413 1416 1522
3315 1441 1590
3344 1554 1636
3026 1586 1686
242 1415 1546
419 1376 1660
4465 1390 1679
1703 1441 1663
2984 1552 1635
5006 1422 1667
3629 1581 1683
5379 1427 1572
5597 1534 1581
661 1547 1610
3556 1402 1544
5315 1430 1633
2906 1131 1610
833 1442 1670
2772 1551 1655
1450 1481 1685
3389 1569 1695
1309 1440 1612
4374 1450 1583
1546 1526 1529
6028 1421 1624
2851 1518 1529
1257 1467 1561
988 1464 1539
485 1541 1572
5113 1540 1680
2280 1448 1669
2921 1461 1602
160 1459 1538
155 1021 1645
1104 1576 1667
1866 1577 1773
3405 1391 1644
5127 1550 1666
5342 1397 1685
123 1438 1589
5424 1555 1655
5892 1416 1558
1071 1460 1668
3406 1433 1579
4710 1351 1663
4646 1432 1563
5742 1555 1697
1023 1507 1688
539 1565 1716
2835 1449 1568
1849 1552 1726
2164 1420 1569
5220 1534 1540
6181 1419 1542
4168 1494 1611
4293 1479 1587
4989 1515 1536
685 1465 1589
2925 1558 1707
5503 1431 1613
2386 1444 1595
2644 1466 1543
1171 1564 1706
3715 1566 1715
4014 1538 1565
2021 1425 1619
5643 1573 1774
305 1561 1699
2918 1527 1569
2135 1447 1545
5620 1579 1657
5988 1562 1722
2757 1441 1542
250 1560 1697
5945 1541 1594
3100 1418 1629
1525 1416 1683
5604 1437 1611
978 1446 1560
4311 1391 1672
6095 1441 1573
2647 1453 1544
3917 1484 1529
3524 1365 1653
3878 1563 1716
6247 1417 1527
4870 1420 1568
1714 1402 1532
1319 1135 1586
3233 1433 1587
3478 1423 1555
3436 1575 1720
1694 1422 1577
5564 1404 1568
5108 1535 1548
2869 1482 1593
3944 1417 1642
4742 1504 1523
5419 1476 1525
4052 1460 1603
3274 1415 1683
1792 1006 1629
4556 1422 1624
410 1572 1682
2963 1414 1679
547 1589 1769
525 1466 1552
5982 1429 1604
2724 1486 1679
4913 1426 1594
5330 1539 1576
3166 1574 1666
1754 1553 1707
5665 1570 1688
284 1487 1557
4659 1511 1534
2302 1121 1595
5361 1481 1585
2966 1438 1607
3193 1542 1569
806 1506 1521
976 1523 1693
1249 1556 1685
5147 1365 1671
4577 1437 1599
99 1445 1609
3622 1562 1656
1625 1473 1542
2144 1538 1571
6034 1453 1586
1477 1447 1662
605 1549 1707
3919 1442 1591
5584 1520 1534
1388 1515 1693
598 1369 1664
5338 1520 1528
4281 1579 1710
3425 1552 1665
2392 1550 1689
5745 1436 1617
780 1527 1557
2268 1402 1637
3643 1435 1586
3951 1471 1575
3831 1423 1622
4720 1420 1560
6157 1547 1701
4358 1480 1531
847 1543 1569
4485 1551 1724
3923 1396 1540
879 1524 1545
3409 1450 1605
1725 1526 1537
3458 1431 1577
2407 1482 1674
3702 1461 1542
3554 1560 1648
5711 1586 1696
5800 1550 1691
3229 1183 1607
3630 1443 1587
5446 1441 1577
4133 1552 1731
718 1579 1687
5977 1574 1659
2878 1554 1640
5790 1527 1529
3668 1461 1560
3574 1455 1578
2180 1538 1554
1446 1434 1547
2260 1554 1644
5969 1361 1662
2447 1549 1627
2030 1540 1565
5910 1450 1599
2429 1522 1693
2425 1421 1671
3735 1567 1708
1696 1523 1527
2246 1476 1569
916 1557 1732
5623 1489 1527
5310 1484 1532
609 1559 1671
4898 1571 1708
3380 1431 1566
1737 1518 1527
2370 1391 1680
6100 1574 1679
194 1544 1563
1761 1433 1619
3222 1558 1649
800 1416 1577
2722 1543 1565
1545 1058 1628
1607 1447 1609
1999 1434 1621
3468 1575 1718
2998 1530 1572
2035 1466 1577
1444 1553 1698
2701 1454 1543
672 1525 1564
1453 1451 1580
1073 1384 1676
4329 1556 1661
2465 1423 1549
1955 1464 1584
523 1456 1590
1254 1401 1679
4105 1509 1524
1345 1456 1548
1992 1453 1593
5864 1543 1576
2877 1432 1569
4714 1557 1643
5193 1531 1537
409 1544 1601
2130 1553 1639
1659 1427 1676
1743 1549 1722
842 1414 1552
406 1432 1581
4935 1481 1527
4965 1432 1587
5000 1565 1674
1880 1565 1718
372 1408 1525
382 1576 1704
4420 1169 1601
5296 1520 1686
2958 1426 1636
5269 1418 1545
5550 1449 1544
1044 1426 1551
830 1358 1657
3823 1454 1557
1140 1579 1660
1601 1478 1599
3137 1539 1597
4504 1439 1589
4945 1573 1688
5372 1467 1540
218 1550 1699
220 1484 1582
5094 1492 1612
550 1012 1698
2210 1585 1714
2841 1556 1651
170 1475 1567
247 1535 1585
3434 1398 1542
359 1568 1658
5516 1541 1575
2517 1433 1617
161 1492 1518
1666 1551 1713
1043 1578 1715
4868 1468 1527
6094 1587 1701
515 1376 1665
1809 1532 1544
5904 1027 1639
4885 1556 1652
366 1576 1694
6180 1574 1725
1830 1552 1613
3655 1537 1608
5388 1574 1729
5667 1581 1777
3846 1045 1544
1687 1436 1588
453 1519 1690
5890 1531 1554
1050 1543 1592
2879 1432 1611
5351 1553 1658
5979 1539 1562
4861 1531 1532
2693 1533 1586
1321 1482 1590
902 1426 1547
2352 1428 1683
3411 1437 1556
4078 1531 1577
283 1573 1673
4326 1502 1520
1834 1408 1538
1325 1423 1626
1938 1487 1522
5185 1450 1576
5853 1552 1638
44 1432 1549
2782 1462 1535
3714 1467 1577
5278 1364 1658
5418 1512 1694
4881 1409 1686
5355 1567 1785
2040 1463 1581
4310 1441 1612
1060 1449 1591
5974 1584 1718
3519 1561 1739
5198 1434 1549
2604 1357 1660
1016 1404 1677
2561 1469 1587
2750 1580 1658
2524 1381 1649
3108 1200 1618
5933 1577 1718
2490 1537 1590
4221 1474 1565
6150 1462 1608
4675 1430 1564
4822 1570 1721
854 1365 1641
637 1430 1632
4765 1420 1567
3391 1534 1579
1223 1526 1558
3121 1175 1678
4584 981 1665
4002 1578 1713
1805 1410 1532
1872 1557 1711
3147 1411 1575
3250 1503 1518
725 1586 1683
2287 1421 1536
4952 1374 1673
163 1580 1774
1755 1427 1627
5237 1574 1651
3675 1493 1685
3747 1469 1563
4966 1578 1707
2189 1044 1637
4623 1374 1661
1350 1413 1564
2788 1182 1726
5616 1583 1689
5728 1525 1529
1675 1434 1662
1310 1461 1596
5916 1441 1613
3658 1402 1681
3106 1529 1545
1311 1178 1606
3989 1490 1524
3927 1583 1773
3772 1539 1570
4325 1504 1682
2067 1553 1699
3353 1114 1614
4760 1457 1587
4685 1536 1541
1145 1430 1574
1723 1578 1652
512 1448 1553
4015 1556 1675
2959 1362 1643
722 1439 1548
2145 1516 1694
3073 1547 1722
3855 1548 1713
4040 1584 1775
6191 1421 1531
1496 1419 1581
1735 1580 1666
2587 1585 1705
5571 1453 1575
425 1475 1587
2611 1485 1684
3522 1386 1683
3611 1521 1688
1015 1568 1667
1480 1587 1666
5235 1454 1589
2669 1186 1734
4034 1381 1681
1278 1548 1714
2032 1459 1535
1695 1466 1676
3768 1578 1702
910 1482 1526
1109 1378 1646
6212 1566 1725
2321 1431 1572
3575 1428 1591
5947 1427 1672
1847 1186 1735
2664 1575 1774
603 1552 1696
5122 1543 1608
2951 1458 1584
1472 1540 1568
5548 1556 1648
4894 1444 1580
6172 1509 1518
498 1424 1559
4079 1437 1626
4422 1452 1604
2955 1001 1641
794 1563 1737
1732 1432 1544
3226 1591 1766
1616 1540 1582
3005 1469 1551
5110 1520 1691
1374 1576 1711
726 991 1639
3939 1480 1524
5483 1570 1663
3283 1558 1676
1147 1556 1701
2391 1559 1653
5522 1383 1643
3029 1421 1534
1832 1424 1629
4473 1561 1708
5855 1558 1672
601 1441 1548
3247 1508 1526
2887 1528 1534
3045 1554 1623
4969 1568 1668
2752 1551 1631
805 1031 1641
1669 1417 1579
2452 1555 1703
4725 1407 1528
1034 1462 1538
173 1580 1717
3987 1464 1531
1790 1567 1732
751 1563 1679
1348 1174 1598
764 1560 1679
3200 1554 1703
657 1547 1719
1893 1383 1644
1969 1562 1665
2618 1433 1545
53 1423 1596
1681 1552 1694
1092 1460 1591
4644 1412 1641
1466 1582 1666
3704 1121 1592
1255 1530 1579
4757 1471 1547
6160 1195 1622
1858 1496 1684
4077 1447 1672
4586 1542 1562
2844 1529 1563
3654 1048 1636
5306 1462 1601
2501 1436 1672
2857 1408 1649
6085 1561 1724
2449 1525 1692
2503 1544 1571
4661 1486 1520
3014 1557 1714
3532 1570 1695
5478 1583 1774
4258 1477 1531
4878 1459 1547
4658 1574 1665
202 1433 1665
2358 1451 1548
3560 1472 1586
5820 1562 1676
1909 1420 1645
6025 1559 1703
2396 1421 1682
5976 1465 1577
5063 1547 1731
1870 1577 1685
3812 1016 1709
1618 1552 1620
4860 1389 1673
4738 1457 1542
3036 1567 1731
1103 1477 1583
1180 1524 1688
4339 1419 1559
4024 1461 1597
477 1576 1662
2200 1470 1543
1577 1553 1714
1779 1553 1665
3153 1488 1610
2339 1583 1776
4350 1406 1532
3548 1479 1591
3059 1531 1567
3493 1582 1684
3355 1445 1560
3271 1490 1519
484 1576 1652
895 1443 1669
3893 1430 1550
5710 1431 1560
375 1503 1685
5301 1397 1641
4074 1042 1542
2704 1588 1687
1225 1432 1622
10 1430 1553
2308 1540 1595
2357 1454 1582
1604 1129 1586
4875 1423 1572
5589 1473 1541
1272 1428 1583
4828 1398 1639
5504 1579 1675
5517 1425 1676
1312 1419 1630
4189 1547 1736
2793 1413 1583
1758 1565 1689
5042 1536 1550
5445 1419 1543
2173 1161 1602
5380 1557 1668
5551 1381 1528
4800 1588 1712
625 1556 1789
1985 1476 1740
3913 1429 1705
5252 1487 1692
5520 1383 1525
1793 1579 1784
803 1401 1560
5664 1412 1587
785 1563 1646
5050 1547 1797
2264 1574 1740
3994 1601 1771
741 1479 1692
2739 1398 1696
2907 975 1652
3819 1383 1529
5724 1586 1749
1511 1633 1670
5699 1415 1593
6215 1326 1670
941 1578 1649
2952 1604 1704
3975 1611 1667
2979 1289 1524
3203 1547 1583
2637 1139 1572
2975 1624 1663
3058 1180 1669
825 1373 1682
3779 1534 1705
3824 1563 1788
5833 1478 1709
378 1603 1678
3901 1546 1556
3393 1200 1699
4869 1619 1670
6227 1548 1547
2532 1510 1702
6119 1469 1692
1844 1599 1690
6130 1147 1577
4416 1547 1584
857 1597 1702
5367 1596 1736
4933 1589 1685
746 1595 1784
542 1601 1696
4009 1589 1656
4108 1423 1606
909 1574 1735
3461 1574 1744
4135 1586 1651
3798 1309 1562
6023 1344 1657
959 1396 1556
2047 1045 1737
2174 1612 1671
5588 1529 1694
1813 1598 1706
4197 1349 1666
2946 1412 1519
5561 1550 1598
532 1541 1538
682 1184 1594
46 1400 1552
4395 1610 1704
1786 1454 1531
3236 1536 1527
5266 1528 1525
2915 1522 1515
2493 1556 1558
5194 1442 1526
1756 1514 1707
5440 1396 1587
5852 1458 1681
5782 1537 1689
2694 1152 1581
3952 1598 1688
5386 1586 1658
3896 1549 1600
6235 1559 1557
1452 1472 1694
3541 1382 1534
5727 1550 1605
6161 1566 1746
3133 1042 1523
3515 1495 1709
3906 1464 1684
2853 1577 1789
196 1395 1690
843 1549 1564
592 1497 1695
1975 1541 1710
2995 1535 1520
3208 1574 1784
5236 1420 1513
6021 1476 1716
328 1353 1641
392 1422 1541
5913 1490 1719
2364 1541 1541
5320 1557 1577
5307 1601 1700
42 1036 1537
1188 1578 1785
2277 988 1627
4698 1487 1718
5729 1562 1615
1901 1374 1547
6209 1553 1566
3869 1594 1681
130 1532 1520
922 1430 1694
874 1457 1522
2398 1608 1656
3495 1607 1660
4270 1524 1707
264 1459 1699
679 1385 1535
457 1181 1679
4534 1589 1705
1299 1555 1801
955 1338 1657
78 1588 1715
5935 1555 1746
5758 1422 1605
1838 1373 1684
151 1488 1688
6222 1589 1724
6068 1585 1650
6053 1472 1522
1627 1440 1534
1776 1386 1551
735 1464 1695
4839 1599 1654
6113 1533 1711
2484 1570 1648
1181 1593 1718
3191 1390 1526
4993 1598 1712
527 1557 1623
279 1591 1721
6116 1530 1526
3185 1601 1651
2157 1594 1711
5691 1555 1590
1971 1601 1675
6020 1323 1564
5540 1592 1716
5313 1474 1735
5437 1327 1650
6019 1605 1654
2118 1402 1517
2872 1554 1541
2512 1560 1634
6186 1608 1676
2378 1530 1705
1759 1408 1620
2236 1604 1657
429 1343 1651
3230 1379 1543
4727 1555 1559
6062 1540 1699
5964 1626 1668
3525 1401 1699
1900 1590 1656
3396 1083 1599
5876 1554 1793
6017 1304 1579
1355 1483 1723
6022 1590 1712
2170 1510 1705
5100 1336 1668
1201 1545 1531
5506 1406 1518
4348 1499 1701
778 1345 1676
135 1594 1690
1368 1585 1656
4062 1396 1516
67 1298 1563
1974 1534 1530
4520 1153 1583
1656 1593 1716
3311 1459 1518
5201 1565 1755
43 1531 1709
2455 1574 1760
2162 1471 1519
165 1605 1675
136 1073 1603
2815 1590 1686
1633 1427 1707
2012 1505 1714
2346 1010 1704
4148 1592 1746
5764 1445 1535
2640 1517 1512
5129 1532 1700
3872 1426 1693
5851 1594 1720
5915 1583 1739
2627 1592 1777
3749 1441 1688
1183 1547 1605
2314 1381 1547
2454 1556 1544
3028 1552 1593
3379 1419 1623
4019 1397 1551
458 1595 1773
1639 1561 1644
668 1625 1663
1406 1583 1648
180 1040 1530
1965 1551 1561
1001 1546 1551
2509 1515 1700
6134 1585 1753
1159 1581 1647
1179 1331 1644
4905 1549 1590
1142 1591 1700
137 1591 1656
4624 1605 1700
3689 1401 1562
4561 1588 1640
3631 1598 1687
4951 1384 1554
1531 1404 1550
2467 1443 1532
265 1553 1544
2973 1627 1663
3623 1488 1712
5314 1424 1609
3157 1368 1683
4385 1486 1726
4649 1361 1681
4137 1411 1695
3657 1584 1751
4840 1084 1604
5662 1532 1691
3741 1385 1549
2648 1579 1741
295 1513 1520
1335 1197 1600
1979 1398 1553
4243 1595 1671
2848 1415 1620
3856 1452 1523
2102 1046 1523
3920 1542 1532
5859 1551 1538
1989 1529 1703
3758 1587 1787
4462 1589 1648
2279 1406 1515
3946 1410 1508
1262 1505 1693
3146 1568 1649
4701 1123 1585
189 1597 1665
852 1474 1687
5080 1581 1730
4049 1559 1566
599 1421 1515
4050 1587 1715
2233 1341 1676
1128 1436 1533
4995 1562 1625
5575 1207 1721
3192 1035 1537
1528 1477 1717
2613 1399 1591
690 1387 1528
3903 1590 1668
4370 1507 1703
5114 1382 1684
2078 1581 1746
669 1425 1689
5217 1454 1729
1048 1563 1607
2014 1283 1533
2456 1296 1523
3592 1569 1649
5030 1400 1707
4450 1611 1668
1367 1472 1691
5204 1311 1560
572 1599 1706
4225 1339 1648
4886 1408 1628
11 1561 1624
877 1522 1702
3830 1576 1791
538 1321 1556
3422 1623 1669
819 1394 1514
558 1454 1522
5047 1486 1724
5166 976 1672
5791 1526 1709
2443 1554 1790
4531 1573 1761
5636 1611 1689
1386 1533 1531
1422 1001 1704
4508 1534 1695
812 1475 1516
4338 1535 1523
1924 1576 1761
5826 1517 1702
3801 1597 1669
4690 976 1676
5903 1426 1694
4671 1597 1684
177 1554 1592
4653 1552 1538
4517 1469 1722
278 1485 1697
3310 1195 1599
4205 1400 1695
3866 1573 1748
4651 1514 1705
6148 1416 1705
2663 1382 1544
2692 1441 1531
2734 1540 1687
3415 1412 1610
1738 1551 1566
3875 1352 1684
5705 1464 1709
5216 1469 1709
5172 1412 1703
3660 1555 1582
1583 1072 1598
2949 1591 1748
3624 1507 1705
1481 1393 1519
5753 1592 1721
5120 1595 1697
4159 1475 1687
6087 1461 1716
80 1569 1737
3940 1544 1548
1588 1641 1668
2039 1405 1616
3634 1560 1761
4673 1495 1517
5335 1585 1719
6058 1428 1614
1868 1441 1528
3636 1462 1524
454 1412 1614
5117 1467 1711
294 1545 1592
4444 1594 1730
1075 1295 1538
1771 1554 1609
2163 1503 1701
471 1459 1676
721 1327 1552
1902 1185 1602
1923 1401 1522
4551 1587 1651
112 1492 1712
431 1400 1510
4223 1406 1578
2231 1615 1658
543 1599 1705
2005 1108 1594
2974 1385 1524
3472 1551 1796
1213 1549 1531
2674 1575 1751
6074 1567 1641
1160 1594 1706
3079 1556 1753
734 1461 1685
124 997 1625
2741 1589 1727
405 1462 1708
501 1169 1709
164 1569 1762
5956 1545 1594
3701 1408 1717
5702 1475 1722
1770 1398 1555
3141 1589 1678
5010 1507 1715
900 1452 1687
1085 1487 1688
712 1583 1746
647 1612 1656
1121 1388 1537
1933 1456 1727
5809 1599 1681
6153 1518 1516
3983 1553 1746
3148 1536 1697
783 1406 1629
393 1556 1621
4036 1399 1575
4906 1601 1673
5031 1608 1670
1486 976 1660
3125 1598 1673
4033 1343 1659
3188 1465 1691
1199 1042 1624
4445 1549 1537
5965 1175 1583
6124 1578 1761
2247 1613 1691
2774 1621 1666
4948 1373 1683
1964 1195 1677
1347 1410 1509
21 1449 1680
1317 1546 1531
1620 1166 1679
1544 1293 1537
3659 1322 1666
5808 1441 1540
4254 1577 1749
1168 1465 1518
6243 1619 1666
6031 1555 1759
1442 1033 1539
4461 1395 1622
221 1545 1589
1591 1410 1589
347 1489 1693
5241 1551 1573
2723 1592 1692
5493 1186 1600
2629 1579 1740
1267 1572 1743
1436 1567 1649
6056 1560 1619
5684 1484 1716
658 1470 1680
2155 1390 1690
536 1446 1537
4796 1472 1723
5046 1552 1754
3209 1597 1781
5279 1541 1533
520 1592 1745
1441 1369 1684
4779 1401 1586
1658 1558 1757
4680 1409 1710
4848 1540 1528
5661 1401 1588
581 1527 1521
2259 1400 1629
5759 1322 1669
1187 1551 1536
4941 1473 1708
954 1468 1681
705 1555 1573
5624 1347 1656
1685 1547 1576
1982 1413 1713
4365 1398 1584
636 1502 1516
3687 1434 1543
4988 1630 1664
5757 1432 1698
2207 1041 1523
4774 1405 1710
113 1426 1702
856 1588 1787
1760 1320 1651
1981 1438 1532
2112 1535 1532
5972 1381 1536
3272 1477 1727
6177 1399 1701
1707 1449 1688
594 1518 1713
983 1584 1733
1673 1492 1713
5409 1522 1705
3307 1280 1525
1584 1550 1604
2237 1346 1670
3292 1545 1577
6207 1604 1717
696 1483 1516
831 1004 1721
1641 1505 1712
5884 1632 1671
300 1598 1666
4409 1297 1567
1413 1603 1658
5902 1549 1739
1330 1523 1521
3325 1459 1530
4775 1166 1693
1557 1152 1586
2226 1032 1531
5739 1400 1618
1848 1538 1529
2179 1399 1618
4829 1546 1545
2999 1189 1693
5567 1544 1539
607 1584 1782
5143 1487 1724
5921 1450 1532
4872 1016 1731
901 1390 1544
2866 1463 1712
4393 1394 1530
4048 1497 1711
5713 1582 1757
1371 1609 1661
1552 1519 1713
5658 1612 1670
2897 1401 1627
481 1476 1715
4678 1460 1731
3746 1430 1539
2123 1437 1687
4474 1389 1546
5534 1431 1691
4902 1414 1705
2111 1317 1660
3009 1591 1697
4787 1537 1718
689 1590 1750
675 1435 1689
360 1541 1534
3152 1554 1796
688 1457 1682
2105 1459 1521
3494 1415 1515
2779 1327 1666
4542 1410 1511
5541 1415 1510
2010 1591 1693
420 1606 1667
1881 1406 1617
1069 1549 1580
1306 1534 1712
4877 1284 1525
3880 1601 1717
4763 1553 1547
5365 1475 1519
6192 1594 1650
1593 1598 1713
114 1489 1715
1928 1552 1601
4569 1574 1789
1887 1549 1538
5491 1596 1713
2146 1557 1757
5336 1402 1518
576 1434 1537
1467 1564 1593
2430 1124 1578
3883 1400 1555
2856 1493 1719
5137 1383 1552
3343 1589 1709
1494 1475 1517
3731 1562 1749
4754 1609 1705
6027 1414 1608
1908 1142 1576
2601 1559 1619
3328 1132 1575
480 1552 1558
1877 1590 1652
3204 1515 1710
2185 1419 1510
301 1592 1650
3851 1376 1551
2058 1405 1547
1136 1320 1653
5391 1546 1690
5488 1309 1559
4006 1566 1800
4472 1559 1751
4381 1062 1757
27 1306 1565
2964 1602 1660
290 1529 1705
1276 1596 1777
933 1497 1720
2985 1573 1796
440 1472 1741
2805 1590 1673
3374 1489 1717
1079 1310 1550
45 1591 1673
4850 1399 1573
2777 1603 1710
4407 993 1629
3606 1480 1694
4926 1393 1548
64 1535 1521
4488 1561 1744
17 1561 1634
5841 1555 1591
4279 1559 1626
1353 1023 1637
6060 1587 1663
1484 1500 1702
1423 1402 1563
2526 1523 1711
1778 1563 1630
5125 1579 1640
2166 1476 1522
6051 1578 1731
1968 1391 1526
1939 1145 1579
6221 1414 1586
3934 1550 1560
3744 1456 1708
1298 1542 1700
5519 1483 1730
5016 1326 1548
528 1384 1540
4823 1400 1550
6127 1492 1706
3677 1420 1615
2858 1591 1732
1806 1489 1687
2137 1303 1578
1750 1392 1546
2687 1538 1535
132 1558 1619
580 1588 1753
5328 1591 1692
5036 1467 1691
5521 1592 1700
1372 1525 1521
2245 1036 1626
3888 1544 1547
2323 1089 1606
4094 1470 1524
2630 1538 1704
3112 1562 1640
893 1556 1562
228 1171 1590
5839 1578 1758
4007 1599 1683
2353 1602 1707
3464 1571 1786
5268 1604 1713
1204 1455 1679
1549 1354 1671
3802 1559 1598
2679 1588 1731
1090 1637 1668
2438 1146 1581
1664 1454 1680
757 1584 1637
3370 1473 1719
1623 1562 1611
2190 1102 1593
5617 1395 1627
5258 1576 1753
1086 1451 1526
1207 1402 1588
1186 1398 1585
236 1394 1529
5219 1383 1698
3435 1590 1679
226 1416 1606
1820 1504 1700
3437 1518 1701
4425 1372 1681
2292 1460 1528
1185 1602 1670
2700 1594 1704
5263 1536 1692
4452 1561 1760
2567 1421 1692
5212 1605 1684
4166 1316 1559
5273 1547 1545
3864 1301 1574
4990 1109 1583
5458 1498 1705
2019 1398 1574
5750 1517 1516
5395 1501 1715
2513 1588 1747
1448 1090 1594
1655 1627 1699
2433 1456 1513
3540 1361 1521
5145 1609 1712
2965 1629 1694
2258 1352 1568
2085 1341 1701
3262 1562 1566
4497 1367 1511
3662 1589 1796
2871 1571 1620
3804 1108 1555
4547 1614 1726
4618 1361 1631
4114 1640 1694
2507 1304 1518
862 1575 1805
3196 1549 1526
287 1617 1726
3777 1371 1637
4207 1382 1731
5141 1566 1631
5378 1063 1590
446 1443 1704
3268 1484 1514
3275 1324 1616
5390 1322 1570
2529 1651 1679
656 1527 1729
6183 1311 1659
925 1368 1564
2193 1039 1606
4236 1364 1637
3401 1280 1594
801 1539 1733
769 1613 1728
4944 1299 1520
3190 1582 1798
2249 1304 1523
1937 1140 1568
4314 1295 1513
5329 1566 1557
5736 1262 1548
169 1638 1679
1430 1405 1752
1967 1562 1543
1859 1307 1501
4919 1039 1511
3335 1639 1695
5018 1658 1657
1562 1366 1535
4107 1437 1516
2404 1626 1687
1214 1304 1533
259 1567 1634
704 1337 1598
6035 1316 1582
642 1389 1716
1261 1543 1520
3252 1319 1623
5614 1298 1543
2770 1641 1652
585 1558 1591
1566 994 1734
3550 1609 1737
3019 1342 1604
3567 1390 1623
3365 1571 1610
4342 1565 1618
5040 1299 1605
1447 1613 1647
1471 1393 1493
6201 1560 1549
575 1390 1562
5501 1437 1514
880 1392 1607
5466 1072 1548
4248 1565 1623
1028 1308 1632
2542 1339 1565
4750 1508 1717
5021 1552 1520
5831 1064 1564
5894 1447 1710
3025 1063 1550
251 1345 1691
327 1521 1505
3003 1280 1551
302 1528 1515
1322 1514 1720
4211 1617 1688
970 1544 1736
4210 1600 1762
3065 1648 1657
5087 1272 1524
3199 1341 1640
1192 1359 1623
3475 1599 1635
5527 1571 1553
5985 1315 1519
2015 1371 1547
3339 1518 1506
2820 1332 1602
4557 1454 1514
4691 1646 1682
4825 1625 1696
894 1614 1640
1897 1295 1510
5472 1602 1640
4143 1592 1797
1533 1572 1620
3774 1433 1714
4686 1421 1725
2588 1569 1617
2133 1420 1725
2241 1567 1588
1046 1367 1513
1631 1406 1493
4423 1561 1541
4741 1184 1666
903 1082 1592
2206 1377 1763
3618 1563 1589
5227 1372 1506
5678 1364 1532
2048 1625 1704
691 1651 1681
756 1645 1691
4274 1539 1514
5319 1031 1619
4545 1573 1635
463 1384 1511
2633 1632 1692
2698 1620 1643
6109 1572 1548
156 1377 1496
686 1618 1711
5463 983 1614
2934 1064 1561
4070 1558 1581
4970 1628 1681
3547 1377 1533
5352 1433 1720
775 1664 1666
6001 1392 1772
5535 1646 1661
4681 1371 1510
1293 1279 1521
2852 1560 1591
6185 1300 1527
1742 1289 1673
513 1607 1749
3793 1537 1726
3850 1619 1715
1892 1603 1747
4815 1068 1541
3810 1223 1624
5515 1642 1665
3692 1448 1517
3382 1558 1805
466 1597 1764
2140 1157 1570
2343 1361 1634
552 1450 1693
3068 1315 1620
963 1567 1616
1308 969 1650
673 1329 1694
5789 1594 1752
887 1000 1610
3107 1273 1566
5170 1346 1688
5586 1334 1582
1042 1653 1666
5088 1500 1722
1839 1362 1763
2457 1138 1551
678 1605 1735
4170 1425 1533
1998 1571 1619
1617 1198 1658
4454 1098 1580
5638 1457 1518
1270 1605 1743
2600 1567 1582
209 1116 1572
5457 1566 1582
2491 967 1666
804 1381 1625
4115 1348 1551
323 1408 1497
934 1608 1647
2789 1035 1761
4332 1509 1729
344 1282 1515
2625 1193 1664
4524 1365 1699
4280 1309 1604
4398 1531 1736
4360 1370 1552
5287 1616 1728
5743 1336 1552
1598 1612 1702
947 1029 1611
2675 1431 1707
561 1516 1508
1622 1583 1800
2581 1559 1569
2257 1159 1563
5417 973 1634
4227 1371 1626
5304 1211 1620
739 1433 1713
1581 1484 1698
4942 1378 1557
1862 1339 1604
4035 1408 1500
4111 1644 1691
4972 1329 1566
2548 1467 1512
4110 1397 1734
5119 1599 1737
2659 1659 1669
881 1601 1786
5132 1527 1727
3513 1362 1557
2833 1559 1807
4943 1560 1548
537 1318 1578
4847 995 1608
5936 1456 1693
5462 1485 1702
6084 1563 1580
4028 1387 1630
1265 1648 1654
6146 1032 1609
245 1445 1517
4477 1652 1668
1475 1279 1553
435 1614 1682
4327 1388 1629
5066 1519 1507
1635 1364 1636
574 1561 1561
5436 1556 1587
5529 1600 1784
3491 1560 1573
4237 1285 1558
5792 1305 1537
2768 1412 1500
6066 1418 1730
792 1450 1511
2461 1326 1627
1751 1280 1502
4991 1384 1736
5650 1413 1735
2786 1614 1701
2221 1639 1672
396 1364 1566
2667 1210 1678
4418 1163 1571
357 1648 1686
4522 1571 1631
3122 1569 1573
4271 1380 1590
5952 1613 1678
2902 1580 1804
4008 1394 1772
1491 1337 1688
2305 1654 1682
4538 1305 1604
5878 1462 1744
3843 1212 1642
4317 1041 1600
4164 1529 1729
1173 1611 1735
4167 1051 1597
4783 994 1606
3976 1561 1593
455 1375 1564
1814 1569 1639
3479 1622 1677
4728 1527 1514
258 1382 1517
1523 1558 1583
623 1200 1600
3673 1614 1674
4981 1357 1560
4224 1434 1526
48 1558 1593
4833 1397 1505
610 1651 1654
187 1341 1611
3619 1366 1686
1886 1303 1669
3330 1620 1717
5430 1640 1677
26 1632 1649
4887 1514 1717
5531 1533 1734
1100 1658 1678
1211 1599 1749
2017 1598 1761
32 1631 1683
2092 1638 1654
5618 1357 1625
3241 1539 1732
761 1393 1573
353 1142 1559
3400 1373 1630
4937 1453 1512
1550 1455 1751
4242 1565 1557
5824 1626 1691
6237 1544 1730
4179 1381 1509
1323 1334 1579
1068 1360 1689
1414 1312 1506
1392 1276 1545
2116 1526 1508
5598 1369 1520
3104 1652 1684
5981 1507 1728
116 1358 1640
3076 1302 1507
1558 1653 1656
4175 1409 1501
5124 1269 1522
142 1282 1675
2084 1575 1586
914 1321 1521
4411 1309 1516
5641 1614 1730
4324 1435 1517
413 1612 1733
713 1414 1494
6107 1425 1531
5533 1315 1606
3221 1637 1683
2562 1371 1502
5371 1645 1689
1996 1561 1771
3625 1053 1557
30 1311 1512
1718 1280 1565
953 1331 1556
4436 1548 1773
6002 1283 1546
1277 1478 1513
4446 1376 1543
3782 1467 1744
2895 1397 1504
1194 1460 1695
3918 1442 1701
1369 1550 1517
3788 1629 1673
2896 1307 1628
6013 1333 1621
3642 1553 1527
4509 1385 1620
666 1552 1805
1138 1561 1536
1624 1565 1599
3231 1294 1510
4987 1462 1512
1424 1582 1575
4809 1262 1537
6005 1338 1560
1433 1287 1499
1517 966 1667
5318 1557 1771
5323 1369 1506
2931 1385 1501
3320 1304 1529
4263 1368 1759
834 1440 1510
982 1357 1551
5441 1596 1790
905 1424 1732
2550 1032 1523
5384 1355 1556
1219 1593 1760
4622 1439 1520
398 1605 1642
5652 1459 1745
1387 1103 1553
1292 1393 1509
4598 1655 1674
793 1275 1593
3061 1598 1754
5271 1564 1538
4735 1575 1802
5311 1286 1550
2538 1642 1681
4897 1410 1495
3984 1295 1495
3617 1560 1586
4269 1384 1633
5396 1531 1725
2031 1376 1498
4082 1642 1682
1894 1433 1526
3968 1440 1520
318 1621 1695
198 1617 1724
2961 1560 1530
5630 1527 1509
5165 1451 1520
6170 1518 1732
3372 1623 1673
4424 1539 1726
2141 1417 1744
3132 1395 1572
758 1541 1726
1536 1114 1563
3826 1572 1563
3037 1225 1714
4980 1557 1775
3177 1421 1499
3762 1615 1672
5731 1609 1775
1619 1291 1545
4603 1321 1609
417 1386 1513
3237 1388 1743
534 1362 1516
5648 1537 1742
223 1329 1638
1281 1300 1541
3697 1610 1736
4708 1611 1781
117 1337 1625
937 1543 1721
4973 1386 1503
2970 1565 1544
5069 1057 1536
2725 1443 1699
4218 1314 1517
5182 1185 1582
5412 1615 1724
5659 1620 1678
687 1562 1593
2038 1622 1716
1139 1421 1718
3590 1311 1543
4088 1309 1587
2617 1127 1566
4689 1614 1695
4044 1420 1718
4233 1561 1588
2091 1598 1632
4296 1627 1649
747 1527 1728
3352 1268 1527
790 1616 1714
2753 1314 1595
5997 1361 1526
3047 1209 1620
2498 1340 1613
66 1611 1647
3563 1570 1559
981 1405 1496
3683 1648 1652
5096 1620 1689
3791 1376 1542
1553 1291 1505
6117 1597 1742
6206 1310 1542
3852 1157 1564
4806 1616 1711
4903 1064 1593
434 1390 1504
929 1384 1514
3350 1058 1596
3063 1273 1546
3077 1393 1491
2584 1656 1664
3733 1349 1549
229 1596 1749
2496 1132 1555
385 1546 1526
4744 1372 1550
5032 1572 1771
248 1556 1531
2535 1448 1507
4567 1597 1751
4864 1624 1672
2719 1438 1706
6121 1385 1640
4724 1371 1693
3486 1513 1725
3364 1397 1729
5785 1120 1550
2519 1363 1550
2471 1621 1645
4315 1616 1724
4458 1536 1517
1303 1367 1553
3570 972 1671
5835 1310 1661
2894 1458 1509
5697 1471 1511
2607 1442 1721
1749 1552 1765
2929 1450 1518
5061 1452 1700
5732 1379 1509
2415 1564 1769
1174 1572 1565
52 1581 1576
4217 1529 1718
5075 1634 1688
2717 1308 1510
2304 1302 1543
5123 1354 1563
4443 1050 1607
5560 1460 1507
4984 1262 1542
4363 1524 1716
3454 1613 1675
3111 1645 1651
5920 1373 1507
809 1277 1548
635 1313 1689
3092 1048 1594
97 1368 1635
3720 1272 1593
3739 1624 1689
3545 1395 1722
4335 1551 1808
4244 1432 1528
677 1618 1678
4654 1327 1571
5340 1392 1570
5490 1589 1765
275 1571 1603
4161 1616 1689
1734 1450 1716
18 1578 1591
2033 1590 1755
1972 1283 1574
4778 1661 1660
3586 1610 1643
4138 1281 1576
2767 1395 1499
4753 1532 1512
201 1651 1653
2967 1537 1517
3359 1547 1515
2968 1423 1532
6163 1548 1812
4946 1342 1552
569 1385 1495
1459 1434 1520
1773 1622 1715
5832 1347 1562
2653 1561 1545
2288 1625 1707
3216 1613 1717
4212 1318 1579
2178 1358 1554
4893 1555 1526
3889 1384 1626
2685 1321 1691
814 1394 1602
335 1045 1515
5700 1048 1615
2650 1606 1729
4736 1526 1721
3664 1641 1664
3814 1374 1707
468 1602 1736
1327 1456 1518
965 1588 1639
3759 1388 1570
5116 1525 1735
4180 1338 1563
3280 1369 1732
1333 1368 1521
2203 1208 1629
1037 1285 1571
162 1587 1637
3726 1332 1577
3498 1569 1806
5385 1046 1514
4959 1347 1633
1361 1396 1509
3753 1361 1548
77 1541 1745
1603 1615 1710
2818 1571 1613
1720 1616 1693
2709 1554 1779
3103 1437 1513
1729 1339 1561
2541 1277 1569
2551 1569 1559
2769 1367 1521
5479 1376 1563
553 1436 1515
2661 1568 1545
4663 1542 1802
1610 1543 1523
3961 1324 1563
4637 1402 1492
79 1611 1780
6061 1389 1513
232 1556 1771
3197 1407 1498
1824 1393 1510
5777 1389 1595
6211 1307 1531
3536 1268 1532
1054 1372 1528
96 1304 1674
3484 1632 1679
5276 1374 1543
6067 1513 1715
3455 1595 1631
2559 1650 1671
4550 1368 1750
5949 1609 1639
4134 1522 1510
3817 1600 1644
1926 1633 1700
5317 1412 1497
1567 1211 1607
6106 1623 1684
2622 1478 1697
4220 1513 1728
602 1278 1597
6091 1548 1805
4376 1336 1551
5818 1313 1524
5448 1434 1717
5752 1441 1516
4619 1642 1647
4795 1599 1636
6154 1587 1798
490 1627 1704
1135 1271 1537
4253 1609 1736
3539 1510 1720
4467 1429 1519
4900 1602 1642
5862 989 1695
4373 1609 1720
2935 1552 1527
4292 1621 1680
4303 1309 1545
1341 1598 1760
3313 1552 1761
312 1208 1647
1119 1374 1714
521 1485 1700
3417 1606 1740
3441 1288 1506
4664 1381 1640
2427 1338 1601
482 1293 1564
4638 1350 1616
4203 1657 1668
4290 1445 1514
1863 1384 1562
3489 1265 1547
1535 1376 1518
5444 1413 1502
5498 1020 1614
4146 1362 1534
5797 1633 1657
1169 1574 1588
1827 1295 1608
3338 1649 1687
1284 1280 1501
3510 1342 1693
3792 1616 1712
2754 1015 1590
2494 1538 1738
1774 1629 1684
4247 1096 1558
2303 1340 1618
6114 987 1609
5858 1561 1529
2156 1428 1726
2864 1049 1539
1314 1567 1638
2474 1506 1721
412 1570 1617
5316 1561 1582
2317 1527 1504
1315 965 1653
2997 1340 1570
4026 1378 1520
1726 1338 1566
4061 1356 1630
3986 1331 1621
2842 1615 1717
3006 1400 1501
2216 1608 1771
3163 1596 1763
5475 1562 1591
5673 1610 1773
3466 1381 1568
1609 1401 1496
4289 1346 1555
56 1390 1721
6175 1413 1505
118 1632 1693
1746 1647 1674
2875 1320 1682
3653 1069 1569
5967 1520 1509
1959 1399 1610
3443 1661 1661
2620 1565 1538
3088 1373 1700
2606 1442 1705
4699 1375 1726
3685 1287 1587
4390 1573 1767
4998 1289 1504
3450 1559 1524
4093 1447 1508
2395 1324 1592
3959 1500 1727
2094 1391 1594
2087 1454 1754
3821 1355 1570
1819 1646 1675
1889 1625 1690
2790 1068 1560
1488 1564 1570
2765 1378 1497
5545 1638 1688
3260 1425 1729
4876 1655 1662
908 1357 1556
1021 1428 1533
1495 1656 1675
3964 1627 1654
5740 1360 1526
4938 1539 1737
962 1435 1705
3332 1220 1630
5901 1624 1690
4901 1315 1514
341 1454 1751
3707 1390 1566
6241 1371 1701
3448 1264 1536
3756 1408 1746
611 1050 1602
5613 1339 1613
798 1280 1555
3958 1331 1600
4455 1602 1740
3169 1321 1522
2504 1430 1529
2462 1338 1595
1940 1601 1744
931 1414 1496
1919 1571 1591
5596 1599 1741
1572 1542 1733
5568 1564 1590
1083 1399 1608
3207 1621 1713
3881 1282 1560
6199 1381 1512
5592 1394 1733
6142 1410 1728
5261 1267 1515
5489 1531 1730
5737 1404 1736
3459 1309 1543
6037 1601 1637
818 1020 1535
1515 1565 1590
1078 1635 1698
2791 995 1606
4487 1636 1697
7 1643 1692
380 1627 1655
1164 1647 1678
1084 1615 1708
3183 1296 1539
3218 1187 1583
5626 1575 1582
2797 1608 1711
6026 1374 1510
4173 1569 1613
2161 1577 1641
5810 1615 1641
2932 1312 1638
1871 1605 1745
70 1442 1697
3083 1382 1701
1556 1612 1766
1661 1318 1697
4595 1304 1596
2437 1622 1714
6115 1598 1764
5068 1533 1740
870 1345 1610
618 1415 1504
2243 1594 1746
5327 1012 1598
6205 1565 1576
1640 1342 1563
3925 1389 1620
529 1548 1529
5078 1309 1606
5246 1331 1548
296 1365 1508
4590 1390 1632
5058 1601 1761
4594 1285 1516
3926 1422 1536
1512 1298 1643
4492 1360 1638
777 1394 1591
1157 1272 1538
5105 1606 1773
1499 1563 1585
1449 1345 1622
3281 990 1618
2057 1356 1555
1045 1565 1564
3312 1657 1669
662 1568 1538
1736 1646 1658
4058 1548 1768
437 1551 1519
2138 1629 1646
2468 1546 1521
3729 1611 1770
4321 1429 1531
1850 1604 1743
3885 1311 1683
2276 1321 1583
3446 1588 1756
311 1105 1563
651 1543 1811
1041 1618 1684
2658 1456 1739
2944 1392 1728
926 1108 1565
5449 1110 1576
5778 1301 1525
6059 1569 1626
4696 1047 1579
4192 1565 1551
3035 1362 1566
1099 1599 1792
401 1376 1698
2069 1388 1625
5177 1603 1781
1869 1372 1702
4732 1600 1761
104 1326 1577
266 1297 1500
1789 1071 1570
3134 1027 1528
3867 1551 1522
1273 1512 1725
1534 1442 1711
5368 1131 1561
5780 1440 1782
6007 1382 1468
2025 1339 1457
1856 1367 1709
3282 1344 1511
376 1059 1521
4127 1446 1737
2742 1343 1709
5257 1654 1687
1529 1574 1628
1404 1237 1607
1435 1567 1525
3385 1383 1796
4759 1472 1509
1611 1558 1508
742 1356 1490
4645 1665 1665
5139 1433 1752
6038 1352 1712
1058 1618 1777
4668 1371 1487
3577 1506 1510
4940 1549 1825
1197 1412 1482
3776 1584 1548
4498 1254 1523
1905 1580 1814
545 1441 1743
3979 1500 1875
5577 995 1595
3492 1376 1464
2103 1365 1470
851 1547 1509
5109 1378 1477
6229 1544 1510
3447 1356 1601
6050 1254 1554
6102 1583 1556
1403 1361 1500
1740 1431 1505
2064 1569 1582
4219 1317 1502
1657 1611 1637
5497 1353 1527
3198 1645 1696
2930 1331 1503
5593 1293 1693
1654 1663 1685
5004 1358 1581
5523 1644 1698
4983 1545 1819
1251 1389 1617
714 1027 1583
6233 1571 1818
6187 974 1605
728 1622 1769
3136 1569 1817
4956 1383 1608
370 1591 1570
5262 1521 1735
2000 1354 1492
2485 1479 1501
3834 1543 1760
3950 1381 1483
681 1341 1458
2927 1616 1637
68 1354 1600
4361 1451 1499
1301 1359 1492
2776 1485 1503
6140 1321 1500
3395 1625 1641
1218 1359 1496
5966 1287 1684
5353 1586 1571
1006 1249 1534
3340 1441 1735
1629 1576 1534
4879 1345 1482
2225 1460 1496
3010 964 1667
1497 1375 1600
4051 1583 1812
5303 1051 1549
3041 1316 1492
3402 1671 1657
5748 1599 1628
4302 1251 1571
1772 1656 1697
1994 1407 1765
4193 1046 1570
5334 1662 1650
2410 1415 1769
5167 1258 1544
1033 1460 1503
4336 1408 1491
1930 1332 1505
5291 1410 1793
1457 1349 1482
2695 1437 1796
4536 1422 1507
3080 1032 1594
4496 1331 1722
3295 1202 1573
2088 982 1589
3017 1619 1735
6145 1544 1762
2572 1357 1467
5286 1322 1479
1264 1404 1477
364 1614 1638
4249 1248 1554
1096 1352 1479
4541 1341 1705
5856 1631 1707
1059 1538 1503
2598 1244 1545
3535 1355 1528
1831 1147 1533
1400 1585 1805
428 1496 1509
1708 1336 1478
31 1671 1675
1645 1487 1882
2515 1494 1513
4626 1578 1535
6242 1461 1500
2854 1395 1471
5205 1560 1524
6169 1380 1592
3140 1343 1514
4191 1389 1611
1644 1571 1530
2266 1335 1456
3039 1356 1464
2575 1387 1617
2913 1319 1482
5344 1523 1501
239 1438 1784
2270 1520 1736
2298 1333 1490
5375 1507 1514
4020 1347 1600
2868 1582 1606
1208 1433 1504
2340 1427 1779
5456 1255 1681
5865 1372 1488
386 1427 1765
871 1380 1486
5082 1505 1515
6176 1399 1478
3558 1385 1606
5579 1505 1875
3482 1311 1656
4548 1432 1773
6125 1240 1611
915 1346 1482
2566 1041 1595
1177 1350 1476
6110 957 1642
5793 1649 1640
2338 1346 1484
1235 1338 1486
4122 1028 1589
4924 1624 1724
5528 1615 1742
3467 1209 1662
4490 1341 1471
1683 1433 1788
3440 1491 1509
3477 1231 1620
1883 1372 1471
5131 1671 1650
1357 1587 1587
4493 1592 1573
1256 1623 1770
3948 1339 1460
5037 1375 1477
313 1482 1873
4343 1351 1519
732 1218 1653
3931 1259 1567
2718 1273 1506
1602 1534 1753
2055 1357 1578
3324 1502 1858
6173 1343 1463
5601 1578 1532
5747 1393 1479
5451 1357 1609
1745 1579 1586
3329 1578 1637
1855 1580 1621
4251 1433 1751
649 1510 1859
5076 1359 1722
3287 1459 1497
1190 1218 1671
2273 1578 1552
2943 1605 1621
784 1381 1592
4427 1368 1459
5632 1361 1609
3418 1529 1744
4437 1361 1619
622 1427 1501
984 1662 1655
1274 1353 1517
2641 1376 1489
5073 1381 1587
6101 1391 1472
3612 1557 1521
1660 1357 1607
2265 1394 1472
1407 1200 1567
2229 1013 1567
1141 1471 1752
2730 1310 1654
6097 1507 1741
1114 1343 1758
41 1638 1638
1269 1347 1545
1690 1250 1546
4415 1337 1527
2261 1620 1725
2597 1241 1638
2799 1584 1594
4855 1578 1565
1518 1392 1479
1803 1249 1525
216 1393 1469
4693 1663 1682
3167 1351 1487
5738 1440 1770
3228 1368 1588
3234 1533 1504
3752 983 1590
5435 1382 1583
2434 1474 1746
4331 1646 1703
4740 1632 1716
86 1404 1481
3309 1391 1479
100 1547 1824
964 1626 1713
3366 1629 1721
3354 1645 1647
63 1376 1470
2635 1514 1741
4734 1655 1701
4849 1046 1500
655 1630 1639
171 1503 1876
374 1055 1530
5346 1354 1512
2418 1132 1545
4896 1484 1504
6086 1258 1559
4 1252 1528
3416 1340 1458
3004 1549 1505
5414 1360 1501
1564 1261 1621
3427 1590 1804
4747 1349 1506
5382 1385 1476
2917 1349 1590
4599 1444 1758
1236 1516 1501
4726 1452 1728
5020 1343 1466
2547 1364 1587
5838 1353 1725
445 1399 1486
604 1602 1791
5879 1638 1701
1612 1666 1648
1650 1327 1525
1586 1300 1652
997 1633 1713
5026 1413 1752
5008 1624 1734
2555 1330 1527
47 1625 1768
5387 1512 1874
3884 1380 1598
4961 1246 1555
5097 1621 1640
4491 1257 1559
5420 1534 1503
2062 1342 1585
1818 1211 1601
4964 1209 1670
2549 1401 1490
4386 1365 1464
1885 1632 1720
1539 1452 1503
5768 1270 1616
222 1514 1857
1421 1381 1481
3973 1332 1510
4344 1368 1579
2885 1638 1702
3154 1583 1594
4635 960 1668
1857 1664 1680
4731 1361 1465
2563 1497 1513
1022 1368 1494
2677 1553 1826
4169 1496 1863
4803 1558 1826
5574 1356 1499
5784 1364 1714
2073 1613 1632
3870 1534 1742
665 1132 1529
4126 1664 1687
4064 1450 1744
5615 1577 1557
5766 1370 1456
2475 1336 1726
1916 1238 1623
2710 1361 1508
274 1372 1602
4459 1568 1519
1439 1425 1517
2348 1515 1514
2131 1570 1520
227 1243 1611
2390 1550 1793
4178 1302 1654
750 1508 1868
808 1665 1664
526 1366 1504
1957 1313 1486
6083 1594 1574
4264 1528 1507
6069 1669 1667
4766 1327 1543
3346 1655 1650
487 1644 1710
1389 1276 1683
2042 1315 1706
5823 1574 1607
12 969 1614
2682 1362 1470
4362 1358 1519
1606 1566 1532
215 1326 1493
5322 1522 1499
985 1027 1515
3105 1365 1486
5934 1488 1742
1105 1410 1485
3669 1349 1585
5179 1402 1485
3002 1669 1664
1066 1479 1505
5171 1575 1558
3413 1552 1825
138 1131 1533
3595 1610 1631
4096 1671 1683
6014 1538 1502
835 1650 1647
1156 1357 1723
1331 1388 1466
2766 1648 1700
3060 1487 1740
3341 1255 1551
3604 1306 1480
3754 1357 1485
5093 1578 1562
5553 1475 1746
303 1335 1542
2402 1616 1745
2479 1358 1621
3828 1604 1794
3861 984 1586
2832 1361 1494
4918 1624 1732
5251 1609 1622
289 1023 1588
2880 1353 1759
3123 1437 1498
5465 1380 1609
394 1547 1777
1825 1248 1558
2315 1569 1523
4834 1469 1502
945 1411 1484
2408 1406 1788
1007 1215 1650
2282 1208 1568
2702 1338 1506
3386 1583 1580
3858 1383 1609
4328 1012 1537
73 1652 1702
470 1332 1458
1451 1317 1489
2204 1560 1824
2920 1588 1801
3648 1555 1514
1599 1380 1485
1966 1531 1823
2678 1375 1457
5633 1576 1573
628 1355 1474
1990 1473 1507
4120 1349 1474
5644 1062 1527
5937 1638 1645
1727 1264 1607
2196 1505 1740
3499 1578 1593
4552 1403 1485
5267 1349 1486
5769 958 1645
897 1508 1510
1878 1576 1609
4262 1649 1703
5836 1080 1537
6003 1480 1506
2670 1434 1751
3593 1338 1531
3998 1466 1756
4805 1264 1591
5240 1450 1497
5343 1657 1698
5721 1578 1558
1203 1591 1801
2481 1457 1495
4190 1020 1555
5232 1359 1463
508 1041 1584
566 1368 1478
817 1578 1539
1024 1225 1686
1112 1544 1504
1561 1376 1462
2188 1349 1721
2697 1624 1637
3150 1352 1601
3708 1611 1790
6089 1670 1653
83 1260 1549
548 1381 1616
1794 1285 1497
3094 1381 1614
3480 1638 1708
6152 1652 1688
639 1519 1502
912 1613 1755
2672 1516 1735
3825 1405 1787
5376 1395 1479
3859 1654 1644
4575 1353 1535
5639 1651 1694
789 1578 1605
3508 1492 1879
3651 1447 1507
5102 1312 1474
5953 1599 1621
2275 1262 1521
3172 1341 1467
3421 1601 1765
4206 1554 1518
4672 1582 1572
5714 1349 1467
5803 1425 1760
1925 1460 1495
4341 1468 1505
4752 1577 1578
5507 1667 1647
5719 1634 1713
1161 1422 1763
1416 1656 1648
1504 1486 1512
1530 1429 1506
2716 1378 1611
3383 1386 1576
4824 1339 1477
4957 1230 1612
4977 1576 1552
5741 1344 1514
6077 1313 1497
1815 1487 1510
2152 1113 1544
2383 1504 1734
2624 1655 1690
2971 1652 1644
5715 1260 1562
5984 1577 1815
108 1648 1698
1426 1492 1508
1934 1400 1484
2098 1301 1485
3808 1349 1500
4136 1375 1594
6224 1673 1657
2325 1343 1493
3514 1506 1738
5248 1526 1742
5370 1268 1622
4066 1369 1492
4712 1360 1478
5494 1368 1612
5873 1347 1583
1455 1396 1483
2217 1672 1668
2614 1360 1494
2827 1248 1633
3803 1384 1615
4802 1575 1565
4874 1082 1532
1753 1443 1787
3423 1279 1490
3938 1520 1742
5190 1588 1577
6040 1376 1480
167 1582 1595
1263 1399 1480
2219 1006 1589
3573 1116 1541
3646 1505 1852
4457 1273 1618
2022 1524 1501
2172 1389 1480
2845 1487 1506
6141 1372 1720
369 1335 1481
1409 1604 1627
3955 1325 1480
4818 1415 1488
1788 1364 1478
2359 1481 1502
3174 1654 1705
5432 1357 1540
450 1356 1526
3942 1333 1545
4099 1495 1514
5830 1619 1635
2745 1281 1611
3511 1320 1535
5425 1425 1503
5692 1374 1598
2060 1366 1601
2255 1438 1510
2400 1331 1520
3031 1627 1717
3649 1438 1757
3755 1616 1735
5725 962 1671
4319 1659 1690
6049 1661 1645
472 1372 1591
2651 1330 1545
878 1355 1455
1542 1374 1583
1810 1091 1532
3254 1542 1510
3686 1577 1620
349 1572 1528
1829 1576 1532
2403 1327 1489
4563 1582 1543
4612 1621 1736
5829 1591 1568
1118 1444 1783
3027 1658 1696
4553 1332 1539
4962 1355 1511
5962 1524 1496
799 1583 1579
3597 1623 1629
3954 1581 1603
1329 1618 1783
4482 1353 1471
395 1547 1814
2239 1268 1612
2495 1328 1486
2830 1667 1679
3342 1388 1484
5585 1589 1585
1401 1553 1508
5455 1354 1574
5887 1355 1595
184 1568 1534
321 1381 1485
1560 1502 1854
1846 1570 1539
2263 1665 1646
2440 1625 1773
2569 1642 1708
2657 1581 1566
2683 1639 1638
3737 1259 1595
4260 1413 1487
4604 1492 1741
4634 1211 1598
4669 1503 1865
5292 1364 1507
567 1569 1521
1202 1355 1499
2589 1321 1536
3580 1578 1597
4241 1664 1689
4516 1284 1486
4610 1279 1493
6139 1282 1616
999 1670 1665
1130 1373 1607
2335 1537 1827
3202 1580 1608
3414 1537 1828
549 1661 1649
1427 1655 1641
1621 1310 1474
2740 1628 1718
2794 1625 1732
3038 1269 1626
4518 1361 1479
5591 1585 1575
271 1346 1460
1358 1361 1782
1454 1336 1465
2972 1449 1734
3589 1575 1545
8 1396 1478
29 1359 1517
1463 1395 1486
4837 1287 1490
1570 1349 1602
2256 1562 1515
3700 1549 1823
5011 1377 1481
272 1357 1522
1551 1334 1478
1638 1366 1718
3667 1576 1603
4075 1665 1651
4299 1330 1711
4674 1369 1459
5115 1368 1479
502 1433 1503
2313 1530 1497
2363 966 1676
4399 1376 1469
4412 1329 1456
1151 1043 1582
1411 1351 1530
2727 1250 1568
3571 1435 1756
4284 1541 1759
4378 1625 1713
5722 1263 1516
616 1508 1511
1961 1340 1493
1962 1583 1813
4729 1219 1606
5348 1332 1473
497 1499 1512
1040 1582 1636
1988 1351 1608
3904 1673 1664
4593 1669 1647
5619 1586 1565
5877 1533 1827
624 1154 1557
4430 1627 1633
5431 967 1678
212 1326 1513
865 1163 1562
3321 1636 1716
3501 1338 1480
3876 992 1582
3914 1595 1569
4141 1251 1535
4639 1494 1515
107 1366 1599
4150 1517 1499
4447 1257 1553
5161 1583 1599
5377 1128 1531
627 1514 1874
2046 1345 1503
4656 1512 1741
5140 1414 1762
786 1670 1680
1399 1513 1511
2804 1380 1597
3728 1009 1735
4027 1577 1576
932 1327 1513
1206 1369 1461
1289 1365 1477
1342 1597 1628
4403 1380 1462
4526 1329 1522
531 1052 1544
674 1603 1621
995 1436 1497
3223 1636 1703
4162 1314 1498
322 1582 1555
716 1622 1717
772 1424 1510
2802 1268 1613
3839 1258 1530
4201 1582 1589
4414 1076 1533
4442 997 1579
4963 1347 1541
2470 1500 1737
3246 1280 1687
3424 1360 1502
4895 1368 1610
6188 1552 1511
958 1638 1636
1250 989 1584
2150 1521 1744
2860 1336 1499
3072 1611 1743
4510 1329 1467
6071 1036 1576
1840 1610 1636
2291 1498 1874
3599 1376 1581
4648 1168 1563
5213 1521 1499
5693 1076 1528
203 1347 1622
1266 1616 1753
2008 1335 1491
2290 1627 1769
2632 1419 1751
3470 1669 1665
4786 1646 1694
5162 1570 1530
5883 1288 1625
430 1309 1496
1826 1372 1457
2636 1524 1499
3844 1360 1574
285 1277 1623
670 1406 1484
1231 1338 1541
1275 1628 1766
2505 1022 1516
3488 1621 1777
3531 1332 1476
4400 1354 1469
4821 1639 1703
5083 1573 1817
5474 1647 1694
6044 1349 1478
5 1386 1474
81 1440 1507
125 1274 1614
1166 1385 1475
2154 1593 1806
2599 1352 1592
2706 1411 1492
3564 1561 1522
4086 1025 1584
4958 963 1634
149 1230 1604
291 1406 1477
540 1068 1528
1699 1336 1513
3572 1268 1683
3632 1609 1750
4068 1503 1871
4499 1377 1482
4804 1518 1740
1381 1504 1731
1898 1584 1571
1997 1631 1717
2552 1329 1488
3871 1426 1749
4273 1348 1464
5812 1271 1498
695 1340 1479
1087 1247 1607
1364 1622 1724
1816 1216 1654
3096 1327 1506
5234 1038 1588
231 1345 1490
254 1336 1529
4647 1367 1454
791 1630 1723
2165 1545 1758
3062 1499 1515
5663 1350 1603
6073 1438 1759
3211 1326 1483
4857 1416 1785
5158 1378 1577
6164 1576 1633
4617 1588 1587
158 1408 1482
1951 1111 1538
2366 1670 1655
3299 1149 1555
1122 1582 1542
1320 1489 1741
2511 1343 1545
2738 1611 1627
3227 1378 1575
3399 1328 1508
4777 1510 1515
989 1652 1701
1787 1584 1542
3018 1014 1574
3304 1532 1498
4176 1576 1615
4871 1431 1764
5135 1352 1617
5509 1538 1823
5640 1537 1507
404 971 1609
927 1025 1594
1395 1613 1787
2798 1358 1750
3143 1251 1554
4188 1598 1628
6230 1584 1582
923 1333 1533
3195 1428 1506
3300 1495 1859
4572 1338 1537
5606 1667 1652
645 1610 1627
2300 1010 1573
4535 1619 1730
5423 1365 1605
122 1440 1746
134 1355 1486
191 1371 1577
500 1639 1699
1836 1419 1750
3935 1370 1598
4213 1618 1729
208 1427 1774
3460 1589 1574
4226 1593 1799
917 1362 1492
1242 1641 1642
2024 1337 1472
2703 1036 1508
4023 978 1714
2043 1313 1475
3239 1363 1793
3451 1594 1798
4549 1334 1498
5045 1581 1635
5189 983 1720
768 1353 1709
1470 1286 1492
1548 1504 1738
2439 1400 1474
3568 1324 1711
3626 1267 1508
4581 1017 1605
4640 1530 1752
5325 1334 1464
1677 1263 1562
1766 1351 1498
2785 1343 1472
3598 1427 1499
4268 1427 1515
5442 1588 1583
2139 1515 1873
2652 1300 1653
3561 1543 1749
4037 1579 1806
4183 1318 1475
4479 1648 1639
584 1557 1820
1011 1006 1582
2191 1313 1494
5625 1347 1482
920 1358 1765
2199 1431 1788
2892 1383 1478
3279 1345 1467
3322 1574 1564
4564 1272 1615
5111 1453 1766
832 1234 1636
2808 1623 1637
1062 1414 1485
3438 1352 1469
3502 1285 1699
4171 1312 1533
4285 1650 1690
5358 1050 1550
1768 1616 1635
2405 1562 1527
2840 1343 1454
4230 1571 1539
4312 1647 1641
5464 1260 1679
175 1668 1657
4101 1378 1599
966 978 1699
1514 1462 1495
1636 1553 1782
2924 1594 1805
3217 1579 1632
2819 1619 1641
4606 1603 1796
5299 1356 1609
810 1634 1716
1285 1310 1483
2399 1341 1593
4031 1413 1776
5357 1422 1484
5681 1563 1506
2387 1468 1493
3051 1468 1771
4788 1670 1698
853 1626 1736
1170 1462 1807
1977 1610 1615
991 1448 1805
1391 1399 1456
2184 1411 1807
2986 1515 1506
3602 1451 1488
34 1472 1818
571 1470 1830
3128 1287 1637
4209 1462 1823
4608 1174 1556
1019 1647 1626
2536 1463 1869
3149 1678 1673
4630 956 1660
263 1461 1889
2375 1480 1810
2539 1521 1844
5610 1582 1624
511 1591 1587
2714 1104 1528
3807 1437 1813
4947 1447 1809
5733 1667 1638
1344 1422 1488
1704 1010 1556
4346 1649 1710
182 1536 1847
3972 1207 1579
6009 1630 1627
475 1628 1626
1150 1609 1617
1682 1442 1855
2036 1258 1700
3220 1434 1886
3569 1589 1612
4771 1266 1489
5015 1562 1495
5544 1631 1729
5986 1566 1824
6065 1216 1561
270 1237 1579
781 1463 1488
1595 1536 1834
2976 1141 1527
4234 1395 1454
795 1479 1809
924 1483 1759
1396 992 1565
2784 1587 1604
4471 1587 1811
330 1235 1663
2013 1584 1813
2132 1423 1487
2828 1488 1493
3620 1607 1614
5281 1381 1832
2545 1615 1612
3679 1592 1537
3682 1621 1745
3787 1611 1613
368 1594 1550
2520 1589 1561
3721 1267 1630
5422 1511 1840
505 1553 1493
744 1456 1874
973 974 1590
1014 1239 1668
4046 1652 1716
4394 1266 1496
5794 1558 1507
5919 1620 1759
442 1279 1661
2691 1449 1820
5154 1669 1638
145 1248 1514
1473 1522 1764
6093 1419 1841
6159 1633 1731
1 1275 1635
621 1519 1751
949 1478 1497
1212 1572 1506
1918 1248 1585
3730 1598 1555
3905 1437 1863
5060 1628 1773
5558 1560 1495
633 1586 1616
1217 1631 1769
1233 1256 1503
2811 1154 1536
3688 1565 1512
5787 970 1711
89 1072 1509
1035 1483 1498
2322 1675 1675
3056 1558 1828
3245 1195 1564
4300 1586 1614
4676 1598 1570
5270 1148 1531
1585 1434 1845
5645 1513 1504
6166 1607 1563
213 1605 1615
473 1271 1492
650 1239 1581
5846 1453 1826
1031 1572 1511
2571 1553 1829
3066 1465 1492
153 1491 1850
1117 1680 1647
1432 1498 1798
2849 1652 1629
4801 1259 1695
4909 1529 1839
5708 1653 1709
2061 1102 1534
3610 1621 1748
5897 1242 1561
148 1550 1498
262 1670 1689
308 1252 1633
452 1363 1795
1200 1646 1625
2645 1557 1501
3118 1529 1493
3526 1526 1754
4546 1674 1653
518 1439 1811
693 1092 1530
2591 1476 1871
3615 1600 1586
4533 1389 1459
6171 1630 1731
1417 972 1589
3126 1586 1529
3833 1595 1813
4196 1657 1635
4391 1567 1507
612 1137 1526
5133 1404 1856
773 1659 1709
952 1605 1561
3284 1538 1493
4494 1552 1834
2534 1479 1815
3698 1531 1490
4862 1576 1820
4953 1479 1761
5975 1595 1599
474 1622 1747
565 1591 1560
986 1014 1514
1013 1436 1870
4222 1035 1498
6144 1426 1900
2732 1457 1823
3298 1591 1813
4369 1537 1837
6219 1456 1489
703 1679 1687
826 1657 1629
886 1231 1593
2595 1559 1500
4102 1421 1875
252 989 1541
2369 1108 1527
2397 1465 1876
2066 1605 1581
2326 1536 1832
3463 1522 1757
4792 1458 1890
5203 1454 1780
5243 1007 1560
2050 1677 1673
4232 1684 1675
4322 1389 1455
4432 1514 1759
4707 1531 1841
5231 1220 1589
1095 1549 1493
1600 1460 1790
1730 1175 1554
2565 1482 1849
3699 982 1568
824 1548 1830
2393 1391 1462
5881 1509 1798
1359 1673 1692
2543 1669 1642
4392 1580 1822
1575 1421 1829
1821 1545 1787
2169 1636 1625
2254 1036 1501
4705 1402 1829
5001 1648 1629
141 1537 1772
1010 1465 1879
2888 1430 1891
3127 1591 1808
4506 1278 1715
5827 1476 1757
1587 1596 1812
2108 1475 1827
2990 1618 1614
3323 1491 1839
4380 1612 1610
4851 1677 1689
5250 1474 1856
5309 1469 1879
2649 1449 1888
2962 1552 1842
1376 1641 1726
1569 1679 1684
1811 1446 1852
2296 1584 1818
2510 1461 1804
4045 1500 1807
4782 1494 1806
5476 1681 1671
1973 1650 1716
4746 1607 1577
5932 1263 1494
724 1531 1495
811 1603 1565
1038 1448 1810
5496 1665 1701
992 1396 1812
2213 1531 1492
3557 1516 1800
4065 1267 1634
5289 1576 1512
5654 950 1628
3516 1534 1849
4799 958 1604
5469 1535 1841
427 1684 1648
1519 1323 1470
2003 1116 1530
4748 1583 1821
5514 1554 1503
5922 1674 1677
373 1549 1837
1489 1659 1635
4596 1602 1593
5034 1540 1773
5542 1625 1752
235 951 1645
267 1512 1505
426 1543 1798
813 1534 1803
2168 1584 1612
2937 1683 1663
3549 1679 1692
3766 1669 1634
1721 1463 1838
3767 1587 1529
4016 1583 1607
4195 1269 1723
4441 1330 1729
5224 1451 1797
5581 1520 1492
5611 1431 1487
6179 1591 1537
1911 1427 1481
2081 1388 1465
3481 1139 1520
3991 1629 1768
1626 1285 1658
1667 1452 1868
2345 1420 1893
4605 1472 1802
4489 1613 1620
5772 1279 1697
72 1569 1826
573 1405 1463
2580 1507 1823
4832 1047 1511
5089 1633 1769
277 1588 1556
2083 1463 1785
2441 1436 1838
2631 1480 1491
3375 1460 1846
4571 1674 1654
172 1616 1758
1120 1474 1806
2332 1488 1847
2801 1601 1571
3716 1026 1500
4419 1593 1590
4607 1605 1560
5999 1443 1858
3953 1433 1490
4239 1596 1555
2211 1590 1596
2537 1475 1868
3694 1590 1591
179 1453 1782
1408 1480 1833
5211 1384 1802
946 1573 1506
1410 1462 1875
4408 1561 1501
4565 1440 1834
4773 1532 1841
432 1156 1533
560 1601 1590
3627 1408 1465
4032 1210 1576
5112 1514 1511
5280 1585 1600
5547 1280 1635
5723 1523 1831
5870 1416 1849
5963 1161 1545
1398 1570 1825
950 1597 1566
1672 1521 1765
2347 1654 1636
3473 1573 1509
3794 1417 1850
5013 1583 1819
5072 1542 1839
5253 1587 1539
715 1685 1671
1643 1468 1835
1765 1683 1664
1922 1679 1646
4930 1619 1755
82 1468 1859
720 1673 1653
1081 1515 1827
1823 1594 1549
3048 1528 1772
257 1616 1757
260 1646 1631
1757 1029 1567
1913 1681 1657
2018 1506 1754
2448 1663 1699
5242 1624 1624
5255 1348 1778
65 1609 1620
292 1626 1740
2445 1517 1832
436 1589 1558
921 999 1554
1167 1574 1515
1559 1423 1496
1003 1427 1799
2715 1672 1651
4433 1645 1634
5134 1498 1816
3949 1658 1632
4566 1442 1886
237 1468 1851
1351 1545 1784
3445 1421 1821
3921 1639 1719
1634 1425 1483
2898 1459 1836
3862 1633 1727
3874 1404 1844
5735 1048 1520
351 1276 1670
1579 1682 1650
3960 1598 1554
4722 1319 1473
882 1323 1472
1378 1597 1567
2324 1180 1553
2681 1424 1842
3069 1462 1492
4117 1516 1827
762 1577 1826
1521 1555 1503
1952 1432 1842
3661 1586 1535
3847 1512 1745
5099 968 1585
5347 1574 1511
6126 1552 1838
6236 1575 1508
873 1429 1491
1642 1584 1628
4294 1457 1492
1229 1684 1680
4570 1591 1811
5142 1520 1494
298 1589 1607
348 1470 1488
846 1546 1789
5005 1446 1835
5806 1613 1611
6120 1486 1748
365 1571 1824
3388 1573 1523
2311 1600 1560
4434 1042 1497
5990 1531 1489
120 1561 1494
3091 1680 1666
5629 948 1623
6193 1594 1546
2423 1659 1630
2480 1509 1506
2721 1541 1834
3261 1596 1806
4449 1402 1826
5401 1389 1464
5959 1671 1647
147 1532 1845
503 1565 1506
2882 1447 1486
3170 1456 1493
4791 1605 1584
5765 1325 1773
6123 1561 1500
1799 1622 1756
2751 1434 1496
3070 1560 1503
4286 1256 1508
5106 1451 1789
6231 1516 1832
620 1524 1840
1093 1494 1500
1154 1188 1559
2586 1558 1494
3854 1668 1635
4798 1429 1878
3219 1466 1492
3293 1542 1497
4112 1515 1837
6029 1645 1625
293 1625 1616
748 1440 1813
2638 1021 1511
2933 973 1592
3456 1621 1747
3725 1589 1625
5052 1528 1843
586 1243 1556
1162 1596 1562
1804 965 1690
4266 1479 1825
1030 1414 1473
3796 1574 1512
4925 1645 1630
5023 1469 1865
5027 1406 1813
5696 1464 1489
6168 1251 1662
617 1440 1492
1775 1633 1725
1984 1595 1608
3131 1604 1584
4845 1608 1797
730 988 1543
1123 1588 1530
3050 1625 1741
3652 1682 1678
5062 1535 1492
5164 1461 1780
5186 1615 1618
5447 1589 1606
5712 1433 1487
94 1594 1554
1354 1547 1498
1356 1591 1627
2049 1237 1586
4410 1544 1491
5649 1267 1490
841 1677 1652
1780 1676 1680
3892 1429 1492
152 1673 1698
4587 1598 1585
5017 1528 1850
4819 1612 1793
4843 1681 1662
5888 1599 1805
667 1540 1771
829 1451 1487
3674 1636 1729
3678 1633 1732
5760 1464 1804
415 1533 1764
546 1496 1813
664 1524 1830
1178 1473 1490
2411 1585 1608
3842 1528 1771
4021 1596 1597
4054 1536 1772
5033 1601 1596
5202 1507 1504
414 1493 1504
2068 1459 1843
2333 1618 1787
2506 1493 1754
3797 1472 1855
4484 1454 1493
4853 1585 1604
5666 1658 1702
6202 1242 1545
5454 1534 1497
948 1282 1646
2299 1422 1494
2522 1156 1527
4592 1490 1747
4949 1583 1621
5206 1485 1815
5264 1450 1788
5285 1676 1678
5470 1680 1665
1126 1570 1513
2889 1598 1547
3835 1679 1660
4025 1224 1579
4240 1289 1712
5954 1438 1883
827 1460 1490
1039 1590 1620
1291 1474 1493
3806 1601 1575
4838 1665 1640
183 1061 1512
355 1538 1492
998 1422 1482
1082 1252 1712
3358 1573 1512
3813 1491 1502
4121 1571 1514
4662 1601 1565
5288 1538 1499
6048 1680 1689
4316 1327 1472
5321 1448 1816
5813 1414 1470
5996 1317 1743
1437 1489 1850
1697 1481 1809
5706 1647 1721
154 1654 1637
2053 1666 1635
5931 1461 1805
6245 1431 1852
849 1673 1650
1662 1603 1590
3054 1494 1818
3696 1470 1490
3809 1533 1769
4631 1592 1604
706 1637 1725
1370 1468 1761
1835 1609 1618
3601 1678 1671
4313 1410 1880
4478 1454 1842
5487 1245 1581
5500 1678 1678
5634 1474 1755
1205 1501 1746
2728 1401 1469
3717 1457 1778
5400 1467 1766
5993 1614 1759
6210 1411 1810
974 1578 1820
4716 1468 1762
5239 1620 1621
5911 1005 1528
568 1400 1466
646 1424 1869
1055 1505 1504
3238 1558 1501
3616 1599 1586
4128 1328 1461
4165 1409 1836
4706 1479 1861
5181 1588 1604
5647 1491 1497
1419 1563 1503
1456 1564 1509
1709 962 1590
2126 1571 1507
3608 1678 1674
4153 1440 1494
4396 1422 1820
5156 1442 1830
342 1408 1888
559 1498 1888
654 1412 1808
752 978 1569
1461 1523 1765
1715 1618 1759
1716 1457 1854
2070 1091 1530
2556 1290 1671
3138 1490 1745
4955 1602 1803
1234 1682 1661
3745 1635 1622
4641 1584 1632
5341 1492 1810
74 1277 1661
844 1545 1840
1936 1666 1636
4043 1531 1768
433 1047 1517
4426 1564 1510
2272 1452 1485
4375 1581 1525
5991 1598 1583
1182 1222 1567
4083 1675 1642
5360 1420 1482
5843 1461 1488
39 1163 1540
1443 1281 1656
2684 1682 1659
3778 1519 1848
4160 1465 1779
5411 1254 1692
1077 1420 1478
1954 1459 1867
2863 1675 1669
3462 1603 1589
4355 1493 1849
4383 1428 1910
5059 1601 1587
5552 1288 1735
2197 1484 1493
4975 1463 1848
5410 1472 1871
5539 1493 1844
6151 1461 1487
3173 1529 1489
4372 1445 1868
4982 1479 1818
5175 1589 1609
5680 1234 1570
304 1389 1463
448 1394 1467
1363 1463 1864
3614 1277 1698
4960 1527 1845
5086 1588 1814
493 995 1574
1748 1476 1498
5992 1660 1632
692 1669 1702
1927 1542 1492
2153 1591 1555
2269 1569 1511
2583 1564 1503
2756 1608 1614
2941 1664 1704
3761 1614 1765
1098 1380 1810
4287 1433 1492
1526 1585 1623
1890 1468 1863
2460 1684 1665
4719 1602 1556
5012 1309 1763
5459 955 1660
2626 1638 1723
2711 1258 1670
2923 1681 1672
3719 1435 1806
3738 1513 1756
1402 1591 1590
1731 1578 1518
2143 1524 1490
2904 1634 1628
2977 1599 1600
5746 1511 1746
593 1490 1844
1115 1582 1628
2136 1605 1578
2486 1595 1545
2521 1543 1499
6082 1669 1637
2001 1505 1831
3429 1614 1791
5817 1510 1801
5837 1667 1634
5951 1688 1655
591 986 1568
2198 1127 1526
3970 1589 1550
3206 1475 1815
4562 1616 1764
4578 1240 1589
5019 1501 1747
1843 1398 1467
1929 1607 1564
84 1431 1908
1258 1463 1831
3278 1515 1838
3908 1557 1494
4187 1234 1588
438 1549 1495
504 1056 1508
4042 1465 1845
2182 1684 1655
185 1472 1767
3529 1484 1804
3705 1429 1887
4585 1269 1633
4643 1114 1530
4813 1551 1502
5404 1584 1537
5968 1580 1530
1027 1664 1639
3780 1191 1559
4761 1628 1732
4772 1627 1744
5646 1002 1525
389 1466 1487
2469 1555 1498
2936 1238 1526
3500 1639 1630
3585 1641 1720
225 1400 1806
2052 1234 1561
2810 1023 1506
3710 1311 1731
5679 1442 1836
3528 1615 1758
4103 1607 1616
770 1567 1832
2464 1026 1579
5682 1442 1490
5821 1443 1876
4379 1464 1867
5149 1440 1825
5277 1635 1718
5637 1087 1519
5041 1674 1689
3303 1667 1633
4060 1510 1832
4177 1521 1832
4614 1270 1494
2175 1475 1490
2316 1619 1758
2483 1263 1502
2813 1261 1498
3308 1452 1486
557 1590 1533
583 1642 1624
1785 1315 1746
2412 1654 1635
1070 1534 1496
2388 1675 1694
3008 1587 1550
3915 1500 1842
4334 1261 1637
4976 1599 1568
754 1403 1473
3628 1657 1705
4109 1600 1562
6208 1687 1655
6220 1474 1852
4994 1542 1499
3305 1618 1757
3894 1515 1502
4620 1614 1613
5188 1280 1641
5627 1595 1557
496 1604 1556
1172 1237 1572
3253 1533 1831
3827 1478 1818
4820 1598 1581
1018 1611 1610
3392 1643 1626
3928 1529 1844
4118 1567 1515
1153 1577 1822
1246 1598 1809
2792 1591 1598
2796 1557 1504
4013 1591 1592
5393 1450 1830
3205 1450 1488
3743 1451 1790
3988 1443 1817
4665 1295 1731
5413 1147 1531
5761 1051 1500
5970 1637 1617
6011 1686 1645
2125 1408 1460
2839 1650 1624
4776 1264 1487
190 1480 1779
422 1235 1526
890 1571 1844
4259 1006 1509
4543 1690 1670
4582 1460 1484
4733 1628 1595
2578 1682 1698
2806 1616 1604
3742 1697 1676
3978 1481 1486
4067 1676 1634
5690 1568 1494
1365 1341 1448
3093 1479 1483
87 1478 1488
1332 1628 1597
1702 1525 1483
3255 1690 1672
1029 1229 1535
3641 1565 1487
3857 1698 1683
5906 1596 1538
6239 1611 1605
1020 1418 1462
1091 1585 1515
4621 1359 1440
4697 1637 1739
5860 1621 1576
6054 1483 1482
2938 1619 1563
2978 1612 1577
4091 1029 1498
698 1516 1776
1469 1450 1481
1947 1673 1706
2859 1492 1494
3361 1453 1477
4056 1612 1604
4986 1530 1860
5339 1449 1474
5795 1219 1549
5854 1466 1787
972 1620 1604
2428 1605 1613
140 1231 1542
3270 1414 1467
4967 1575 1489
5802 1671 1628
1912 1691 1652
2075 1303 1476
4468 1417 1464
4660 1634 1602
5070 1693 1652
5148 1512 1497
2122 927 1607
2744 1451 1481
2758 994 1525
3877 1657 1619
5929 1673 1634
1049 983 1562
1797 1517 1810
3490 1463 1478
5183 1673 1624
5779 1544 1795
193 1581 1514
899 1547 1860
3718 975 1543
4891 1473 1895
4922 1551 1846
144 1669 1623
1802 1155 1518
3033 939 1641
3841 1089 1509
5863 1497 1486
4858 1627 1608
5709 1338 1445
174 1354 1441
828 1602 1536
975 1681 1641
2319 1481 1777
3452 1587 1521
3582 1668 1630
5525 1542 1869
1360 973 1539
3980 1577 1508
845 1451 1901
2476 1284 1477
3897 1568 1835
4073 1641 1617
491 1578 1509
4041 1632 1610
1385 1508 1767
1527 1430 1472
2115 1331 1453
2422 1656 1718
4695 1421 1469
5215 1358 1451
5788 1691 1660
197 1437 1474
361 1457 1481
4277 1625 1765
4717 1405 1459
5118 1371 1810
486 1550 1485
1425 1523 1818
1576 1686 1660
1762 1590 1530
4789 1694 1669
5369 1664 1715
5434 1472 1786
5566 1370 1445
5671 1551 1489
3 1528 1488
306 1406 1460
1781 1575 1485
1949 1237 1522
2707 1300 1472
4580 1467 1789
6128 1667 1709
1689 1604 1609
1904 1646 1735
5580 1617 1559
249 1433 1472
2619 1377 1449
3116 1494 1764
510 1516 1481
2208 1631 1604
2909 1579 1512
3256 1472 1779
4092 1650 1723
4456 1599 1813
4912 1518 1788
5187 1619 1793
1383 931 1634
1986 1400 1896
2809 1546 1856
5923 1538 1861
5995 1379 1865
1260 1487 1490
1568 1600 1816
2034 1429 1473
2186 1558 1851
2743 1642 1736
2891 1594 1528
3007 1686 1648
3145 1636 1604
3420 1654 1718
3775 1645 1740
4683 1601 1544
4704 1400 1892
700 1682 1701
960 1590 1522
4421 1692 1657
5254 1610 1591
5942 1587 1517
1418 1608 1551
2731 1433 1470
3089 1632 1743
3647 1611 1590
3740 1223 1539
4384 1661 1621
4438 1207 1550
131 1006 1511
268 1535 1862
2310 1621 1787
2568 1602 1601
3836 1596 1533
4915 1290 1479
6194 1502 1493
822 1650 1618
2148 1407 1460
2735 1515 1497
2846 1666 1630
3594 1625 1601
3712 1695 1676
4611 1660 1629
4749 936 1607
5530 1601 1549
1067 1371 1449
1719 1666 1712
5867 936 1580
6155 1365 1451
105 1366 1815
554 1346 1443
1653 1686 1700
3723 1678 1639
4907 1683 1703
556 1247 1508
743 1153 1514
1193 1062 1500
5819 1474 1485
5847 1430 1477
861 1644 1612
1097 1651 1616
2380 1217 1552
3347 1573 1495
4307 1243 1508
5043 1475 1481
421 1275 1484
3373 1574 1833
5950 1535 1860
314 1622 1762
2285 1599 1604
4827 1069 1507
5941 968 1544
717 1662 1630
2344 1675 1639
3099 1687 1681
4359 1626 1596
4514 1634 1608
4568 1491 1493
5332 1684 1631
6098 1679 1632
35 1619 1581
1852 1412 1458
3703 1568 1490
4609 1458 1481
5354 1666 1621
5405 1496 1491
3773 1625 1785
4306 1458 1907
4480 1645 1731
5771 1502 1492
587 1364 1446
736 929 1618
4142 1558 1487
4574 1655 1624
4780 1594 1530
5169 1667 1714
797 1184 1540
1507 1464 1793
2250 1690 1642
2307 1580 1511
2890 1601 1817
3587 1428 1475
408 936 1579
541 963 1561
918 1495 1493
1247 1611 1554
1978 977 1565
5438 1505 1497
6016 1398 1893
469 1285 1760
767 1579 1829
1563 1545 1485
2708 1484 1764
4554 1687 1637
5014 1358 1441
5600 1652 1625
5905 1536 1485
343 1525 1774
659 1590 1819
1554 1651 1623
2089 1657 1626
4730 1278 1479
5774 1596 1525
1224 1603 1603
5880 1477 1894
1116 1468 1791
2223 1154 1520
3993 1676 1639
4144 1688 1691
4305 1611 1583
5373 1407 1450
5397 1556 1483
206 1379 1867
1502 1670 1634
2117 1688 1651
2384 1645 1741
4147 1618 1562
5786 1467 1485
872 1658 1617
1377 1152 1516
61 1418 1463
2579 1635 1611
4721 1676 1631
911 1604 1534
5392 1660 1622
733 935 1623
1763 1679 1640
2382 1409 1464
5226 1602 1597
362 1023 1501
888 1688 1698
971 1585 1822
1076 1424 1474
1132 1486 1777
2570 1635 1746
3371 1567 1496
3638 1613 1561
990 1522 1785
1259 1700 1678
2761 1354 1450
3085 1684 1701
4113 1538 1484
4204 997 1735
5308 963 1712
5971 1428 1468
4527 1276 1479
5381 1519 1820
6156 1500 1487
2487 1397 1452
3476 993 1525
326 1577 1500
2076 1604 1596
3933 1616 1579
1509 1609 1564
2023 1581 1517
2218 1424 1916
5055 1245 1506
1506 1610 1807
1833 1691 1678
2297 1345 1450
2478 980 1543
3818 1591 1532
5402 1398 1448
509 1681 1703
590 1509 1758
1428 1671 1634
2063 1599 1613
3457 1612 1561
3505 1502 1764
3566 1615 1580
3966 1168 1531
339 1473 1771
381 1676 1626
2232 1239 1519
3251 1488 1483
4080 1633 1772
4149 1442 1904
4521 1594 1537
5090 1369 1807
5704 1477 1481
1012 1258 1497
1960 1658 1622
2942 1522 1862
6147 1505 1493
1680 1642 1618
2660 1692 1681
2886 1468 1485
3412 1642 1739
3496 923 1599
5406 1230 1535
5651 1520 1855
5801 1642 1749
3977 1402 1449
6255 1592 1826
951 1531 1787
2082 1690 1679
2459 1529 1858
2488 1511 1779
4140 1542 1489
5071 1600 1536
5513 1524 1486
5642 1175 1530
384 1628 1614
1072 1690 1667
3316 1637 1619
3368 947 1672
5192 1382 1884
5595 1551 1485
299 1450 1482
1191 1616 1794
1903 945 1662
2466 1595 1820
2472 1253 1502
2554 1520 1770
5128 1590 1521
6012 1604 1603
358 960 1576
2834 1498 1488
5842 1695 1667
6122 1430 1470
1152 1543 1483
2212 1582 1826
2763 1494 1759
2919 1519 1819
3078 1576 1498
3551 1685 1689
3887 1272 1481
4005 1498 1772
4544 1454 1906
4797 1679 1627
241 1668 1627
1127 1379 1844
3160 1694 1665
3314 1604 1613
3345 1607 1549
3562 1626 1758
3609 1354 1447
233 1577 1489
709 1641 1622
3044 1382 1824
4928 1644 1730
5079 1607 1812
5587 1673 1635
2 1603 1550
188 1696 1688
402 1399 1447
3722 1597 1615
37 950 1683
1209 1444 1471
1921 927 1618
3265 1414 1461
4387 1616 1569
4677 1355 1809
5150 1119 1526
516 1462 1484
638 1632 1608
2262 1359 1444
3377 1012 1511
3676 1438 1480
3899 977 1554
1063 1671 1625
3709 995 1523
3795 1625 1604
5471 1591 1530
443 1361 1448
3224 1594 1819
4500 1633 1604
3097 1477 1771
3430 1033 1493
5101 1549 1486
307 1575 1830
2096 1514 1496
2099 1627 1759
4208 1691 1640
5174 1409 1453
737 1539 1484
3882 1689 1686
4154 1687 1641
4591 1530 1793
4657 1440 1472
5366 1583 1506
5608 1512 1491
5734 1434 1478
3465 1617 1580
5209 1537 1859
1891 1680 1632
3397 1573 1502
4055 1603 1809
1899 1483 1761
2947 1198 1552
4081 1101 1521
4688 1499 1490
166 1440 1474
788 1669 1631
807 1486 1894
1670 1482 1767
1807 1693 1674
1932 1222 1554
2760 1485 1490
3109 935 1633
4283 1600 1618
5295 1529 1485
5326 1385 1849
5814 1305 1475
2787 1625 1596
3873 1546 1864
4123 1499 1493
5152 1004 1510
5461 1296 1477
441 1401 1452
1346 1607 1611
3690 1688 1679
6203 1692 1682
119 1476 1766
524 1109 1520
4098 1500 1773
4559 1200 1550
4745 1646 1611
4767 1676 1703
4929 1694 1641
5022 1616 1800
5024 1538 1792
5324 1596 1617
5683 1519 1484
444 1520 1778
2432 1586 1505
2696 1648 1733
3013 1649 1732
3336 1689 1692
3840 1615 1795
1692 1551 1856
2244 1633 1605
2409 1371 1452
2824 1687 1699
3426 1580 1495
928 1591 1525
1693 1399 1889
2086 1534 1486
2289 1516 1773
2837 1670 1624
3225 1459 1478
4095 1234 1532
5955 1234 1528
1478 1241 1509
2610 1699 1677
3555 1254 1494
2242 1641 1609
2762 1481 1788
3584 1562 1850
5297 1597 1611
1053 1360 1807
2544 1447 1473
3349 1615 1603
3363 1422 1479
3576 1018 1499
4992 1595 1615
5427 1594 1534
5460 1524 1778
5473 1495 1489
387 1469 1486
968 981 1549
1338 1597 1619
5486 950 1567
5695 1608 1809
340 1615 1597
456 1504 1769
1845 1463 1484
1945 1603 1549
3800 1476 1482
4501 1419 1468
4702 1573 1501
6213 1523 1486
837 1582 1495
2095 1380 1870
2354 1613 1596
3956 1607 1601
25 937 1601
1711 1394 1892
3120 1147 1512
3378 1144 1516
3433 1440 1475
4308 1691 1662
4475 1532 1783
6174 1471 1905
146 1622 1609
802 1358 1442
1222 1661 1629
1540 1513 1811
3165 1350 1443
6111 1686 1685
4235 977 1559
555 926 1600
1210 1584 1515
1516 1633 1745
1651 1470 1900
1884 947 1663
4785 1627 1757
729 1341 1788
1125 1620 1587
2816 1150 1514
2950 1624 1610
5770 1363 1450
935 1402 1443
4670 1632 1616
4985 1686 1659
850 1615 1584
943 1060 1501
2072 1527 1778
3214 1617 1576
4320 1671 1624
6253 1614 1562
980 1023 1499
2020 1693 1664
5889 1412 1452
600 1505 1490
683 1608 1605
1294 1527 1483
2214 996 1525
3171 1585 1508
4354 1630 1617
6105 1677 1700
956 1671 1710
1582 1389 1859
5084 1671 1709
1596 1478 1790
2114 1458 1482
2195 965 1562
2676 1627 1782
3822 1618 1582
3981 1099 1516
6251 1700 1673
3285 1300 1471
3898 1512 1771
3924 1607 1590
4297 1298 1479
4353 1610 1585
996 1197 1543
2202 1298 1480
2420 1440 1473
4200 1581 1508
5274 1524 1482
1752 1674 1619
2492 1294 1468
2699 1708 1659
2987 1304 1462
3032 1637 1596
3727 1502 1475
4216 899 1578
969 1495 1792
1393 1601 1518
1678 1413 1436
779 1638 1595
2817 947 1684
3053 937 1649
4910 1486 1793
5926 1593 1508
631 1616 1808
2252 1486 1912
4636 1517 1796
5356 903 1584
5825 1063 1494
796 937 1660
840 1616 1540
1017 1431 1465
3527 1703 1635
4435 1482 1476
774 1271 1459
2149 1606 1820
2360 1708 1666
3591 1501 1485
4405 1255 1485
280 1610 1814
2235 1317 1460
2582 1611 1523
4892 1704 1666
5590 1653 1610
316 1549 1878
494 1613 1546
3259 929 1572
5223 1614 1513
1741 1689 1627
4486 1702 1650
5221 1662 1617
2690 1365 1430
3713 1366 1418
4157 1596 1516
4440 1299 1455
597 1339 1438
1722 1596 1832
3860 1581 1484
4318 1024 1797
5244 1319 1441
1948 1220 1522
1995 1613 1515
2002 1660 1728
2642 1645 1583
3891 1677 1608
5660 1631 1575
5822 920 1579
2821 1572 1477
1465 1612 1497
2330 1361 1435
2836 1672 1604
4448 987 1751
4511 1699 1635
5917 1502 1483
904 1499 1781
1089 1375 1424
4836 1079 1498
4917 1694 1692
246 1367 1868
483 1615 1491
2248 1625 1584
2605 1311 1454
3187 1641 1765
3264 1592 1482
4768 1354 1428
5546 1393 1904
979 1376 1428
1268 1697 1690
1976 1611 1543
3644 1637 1584
5138 1641 1598
1165 1476 1475
1295 1631 1576
1879 1398 1903
3760 1327 1441
987 1411 1437
2453 1342 1438
2759 1242 1497
3043 1619 1562
4711 1673 1713
2356 1369 1875
5538 1559 1868
5450 1632 1565
2278 1486 1479
2807 1614 1510
3790 1584 1486
5874 1589 1839
1462 1620 1595
2194 1372 1444
2450 1411 1439
2612 1302 1462
3607 1296 1462
5157 1305 1456
5871 939 1675
6131 1570 1484
977 1639 1747
1501 1249 1496
2113 1623 1796
2577 1364 1420
4615 1589 1478
563 1693 1698
3102 1014 1493
3319 1624 1577
4194 1486 1481
4931 1448 1462
5200 1556 1859
214 1627 1572
644 1276 1463
889 1672 1619
3848 969 1537
507 1594 1494
896 1249 1490
5439 956 1558
1232 1068 1488
3995 1233 1512
4560 1648 1587
5928 957 1556
6072 1308 1442
1405 1705 1660
2628 1232 1506
3967 1558 1479
3985 901 1584
5707 1336 1433
6190 1631 1584
1882 1696 1641
1963 1544 1876
3965 1625 1575
4602 1586 1483
5468 1708 1657
5796 1507 1481
2795 1632 1577
3244 1498 1476
4097 1562 1857
5107 1671 1610
243 1102 1513
820 907 1593
836 1661 1725
1286 1427 1918
1865 924 1565
3087 1700 1659
3286 1695 1625
3711 1317 1461
3879 1686 1618
4793 1655 1736
5085 1636 1574
883 1362 1421
1375 1310 1461
1876 1382 1444
4503 1307 1464
1296 1617 1546
2045 1650 1739
2327 1595 1516
3000 1634 1581
3990 1341 1434
5095 1517 1871
5136 1477 1908
5869 1634 1569
5948 1471 1475
0 1650 1596
297 1612 1523
377 1703 1648
3071 1551 1869
3114 1694 1694
3805 1316 1453
4261 1283 1458
711 1677 1709
821 1308 1456
5130 1613 1513
544 1366 1441
891 1379 1437
2867 1644 1580
3621 1366 1416
1379 1334 1799
1801 1558 1474
2079 1570 1864
2389 1629 1790
4784 1036 1483
5002 1266 1467
578 1014 1500
1705 1592 1491
3011 1680 1626
3504 1177 1520
5230 1523 1884
5477 1602 1519
5866 1696 1648
6055 1621 1795
913 1285 1452
942 922 1626
1300 1508 1479
1710 1373 1420
2341 1525 1475
3194 1497 1478
5811 1657 1612
22 1542 1473
1025 1601 1515
1739 1503 1476
3369 1706 1673
4402 1392 1439
1000 1601 1525
1004 1712 1676
5210 1679 1619
492 1644 1589
1243 1164 1518
1394 1660 1731
1510 1658 1601
1842 1352 1436
4826 1223 1524
5980 1091 1506
868 1488 1793
3135 1054 1494
4076 1387 1445
4406 1645 1750
6244 1704 1688
684 1452 1922
719 1274 1473
2312 1562 1481
4010 1554 1478
5394 1239 1509
4186 1383 1428
6232 1651 1609
192 1614 1528
224 1234 1515
522 1628 1786
3695 1675 1714
3997 1470 1478
5098 909 1595
14 1375 1426
399 871 1580
1094 1102 1509
1700 1698 1632
2177 1637 1583
3022 1335 1437
3040 1616 1547
4588 1479 1912
5056 1700 1654
5717 1660 1724
5767 1607 1818
5983 1510 1487
54 1611 1527
2286 1666 1614
3291 1387 1447
2071 1371 1443
4333 1358 1432
1288 1692 1629
1476 1298 1461
3113 1089 1500
3763 872 1590
3957 1295 1447
5907 1391 1443
50 1534 1473
2662 1600 1512
2855 1248 1491
4184 1645 1593
4288 1301 1464
4466 1301 1449
5622 1279 1457
3144 1637 1595
3765 1587 1484
5676 1550 1878
5899 1610 1502
2991 1650 1593
6200 1562 1475
2602 1580 1479
4323 1591 1497
4337 1611 1521
3235 1597 1832
5104 1521 1873
5754 1606 1531
3645 954 1542
6045 1626 1574
1873 1489 1778
2151 1508 1489
3546 1697 1657
5908 1595 1520
15 1433 1458
2171 1681 1617
2585 1623 1589
3139 1640 1583
3201 916 1560
3212 1305 1437
4063 1693 1624
4737 1644 1605
4923 1379 1434
5669 1479 1479
6118 1439 1461
1326 1499 1484
1590 1633 1566
1688 1554 1477
2865 1272 1472
4029 1625 1795
4215 1612 1519
479 947 1565
1241 1537 1867
1671 1465 1911
1784 919 1576
2284 1602 1823
5526 1626 1559
5805 1168 1515
186 1612 1531
204 1686 1626
1129 1574 1482
5196 1620 1562
5840 1234 1504
2147 1572 1480
2421 1076 1499
2473 1375 1441
2489 1379 1897
2803 1454 1473
3001 1162 1517
4667 1655 1733
1390 1593 1513
1915 1500 1482
3124 1590 1483
3181 1321 1440
3542 1502 1796
4974 875 1593
5939 1685 1614
269 1631 1577
4633 1590 1832
6000 1572 1865
4904 1385 1442
5293 1547 1480
5333 1647 1586
5428 1621 1590
6080 1163 1511
1505 1079 1496
1614 1547 1873
2121 1574 1845
6033 1665 1611
85 1565 1478
1253 1646 1589
2027 1619 1807
4000 1569 1479
5744 1652 1608
6234 1695 1696
755 1678 1609
1340 928 1568
3075 1297 1464
4256 1585 1493
4769 1533 1867
4842 1655 1605
5594 1386 1432
2334 1626 1577
2689 1614 1810
4100 1603 1531
4589 1659 1728
5562 1698 1637
5677 1641 1602
1131 1709 1664
1334 955 1544
3098 1579 1852
3895 1697 1654
5064 1323 1446
5900 1453 1464
6010 1640 1585
3829 1522 1479
5054 1558 1864
1895 1508 1485
2127 1673 1719
2843 1306 1437
5389 1612 1492
5875 1645 1591
2778 1244 1494
3734 1447 1468
3941 1560 1483
4540 919 1600
5275 1332 1434
5816 1641 1600
168 1369 1433
2093 1545 1481
3182 1589 1507
3640 1576 1843
4301 1156 1510
5374 1624 1582
5756 1570 1853
423 1406 1922
749 1343 1805
838 1313 1436
2028 1613 1550
2124 1427 1465
3086 1647 1590
4199 1382 1431
4613 1586 1479
6088 1706 1684
6216 1624 1799
1668 1499 1482
4139 1691 1705
4723 1520 1472
200 1595 1512
1987 1342 1439
2253 946 1561
2592 1417 1440
2639 1697 1635
49 1373 1424
1057 1168 1516
1279 1524 1479
2029 1627 1583
3186 1678 1621
3910 1585 1492
4347 1046 1482
4808 1362 1434
5467 1544 1473
5844 1424 1463
6063 1630 1584
6246 1617 1543
1052 1627 1568
2530 1399 1902
680 908 1597
1148 1314 1789
1983 1558 1857
2992 1233 1510
3693 1664 1607
5909 1632 1782
6081 1535 1476
2368 1316 1464
2523 1611 1494
1580 1620 1552
1896 1638 1747
2564 1642 1584
3356 1690 1622
5495 1595 1499
708 1657 1606
1065 1374 1864
1555 1372 1889
3503 1381 1432
3665 1639 1768
3680 1385 1430
4811 1499 1892
5282 1670 1613
5312 1326 1435
1282 1317 1440
2376 1334 1442
5773 1691 1623
1679 1648 1585
2349 1567 1856
2960 1584 1840
5408 1641 1587
6024 1642 1578
2414 1693 1626
4202 1646 1586
5849 1355 1834
320 1664 1616
653 1663 1727
2009 1535 1474
2737 1285 1471
3512 1310 1437
4275 1273 1462
4519 1373 1438
5415 1682 1705
5492 1511 1794
5698 1364 1439
2729 920 1567
2893 1656 1726
3518 1368 1440
3781 1625 1572
5249 958 1725
5452 1479 1478
5621 1646 1605
127 1709 1681
1608 1634 1582
3404 1689 1619
3681 1494 1477
4927 945 1691
5730 1568 1852
660 1603 1522
1056 1598 1522
1649 1615 1538
3670 1644 1581
5443 1120 1517
5927 1304 1452
2812 1495 1484
3764 1055 1492
4053 913 1581
6198 1500 1480
907 950 1536
1382 1361 1426
3838 1700 1685
5074 1444 1470
5688 1613 1522
1487 1322 1442
2502 976 1534
3210 1319 1457
4104 1303 1459
4151 1467 1474
4282 1353 1436
4700 1653 1593
4755 871 1579
5103 1601 1514
940 1694 1640
1032 1708 1658
1434 1700 1680
2983 1314 1438
1795 1626 1792
1860 1711 1675
2041 1298 1440
3130 881 1583
3929 1610 1539
4908 1059 1490
5502 1199 1534
5703 1597 1523
407 1630 1779
1490 1709 1659
2337 1368 1427
3142 1371 1423
3357 1624 1567
3449 1637 1747
3553 1616 1553
4129 1605 1524
5511 1712 1678
6182 1370 1443
2328 1427 1460
2594 1558 1476
4429 1152 1505
6204 1365 1437
2436 1502 1791
2780 1002 1509
3474 1518 1794
5570 876 1590
6112 1602 1528
110 1572 1856
4652 921 1553
139 1705 1682
2077 1565 1854
3327 1704 1650
3832 1682 1709
5573 1586 1491
5655 1324 1435
379 1651 1738
2026 1671 1609
3384 1521 1476
4340 1492 1788
5199 1507 1484
6041 1552 1879
1605 1531 1478
2557 1690 1629
2655 1311 1456
3432 1573 1858
3886 1226 1529
5783 1530 1475
176 1693 1627
533 1168 1512
1283 1634 1754
2295 1616 1494
2720 1593 1518
2775 1405 1445
3110 1705 1667
4038 1700 1657
4155 1710 1667
4229 1248 1484
4483 1510 1782
6052 1627 1586
346 1449 1469
2128 1015 1494
2234 1530 1479
2406 1708 1679
3932 1527 1474
4694 1317 1441
4934 1484 1477
6225 1622 1592
588 1320 1439
1817 1537 1877
3724 1625 1557
3769 1539 1879
4968 1635 1761
4979 1610 1508
5605 1591 1496
2293 1488 1903
3057 1284 1464
5631 1408 1443
5960 1502 1484
5998 1320 1458
62 1654 1612
740 1607 1535
5549 1709 1665
6250 1485 1900
3301 1459 1472
4071 1567 1481
4830 1431 1461
1615 1317 1435
2911 1698 1633
3306 1193 1533
5256 1624 1590
5305 1374 1446
324 1687 1707
489 1188 1536
562 1613 1506
2192 1674 1621
4576 1706 1676
33 1704 1669
2385 1435 1464
2065 1070 1490
5578 1707 1676
5612 1625 1554
5994 1634 1568
2120 1675 1710
2988 1526 1473
5572 1704 1674
345 1609 1530
1106 1552 1482
2712 1460 1471
3289 1687 1630
4069 1549 1475
4397 1622 1548
702 1519 1475
1943 917 1605
3074 1490 1479
4309 1442 1468
2748 1505 1484
4214 1603 1520
4709 1605 1533
4835 1610 1531
876 1625 1568
1047 1624 1573
3360 1679 1618
5359 1303 1465
5607 1316 1437
1196 1494 1482
1239 933 1560
2671 1617 1806
3052 1304 1453
3164 985 1529
3419 1655 1610
4172 1102 1511
4883 1631 1587
5160 1333 1444
5674 1461 1474
596 1327 1436
2183 1614 1535
2367 1360 1419
2596 1378 1880
211 1644 1751
1798 1581 1477
6030 1036 1487
738 1562 1856
2351 1620 1805
3509 1696 1642
4513 1591 1485
4882 1253 1487
5007 1586 1840
5896 1592 1481
157 1560 1480
282 1590 1498
2220 1442 1461
2497 1588 1834
2910 919 1553
4597 1695 1627
1352 1601 1827
3189 1600 1528
4022 1685 1712
126 1478 1917
2394 1299 1459
2558 1614 1522
3156 1559 1869
4357 975 1548
6004 1647 1751
1287 1299 1439
5214 1707 1671
6008 1559 1477
2104 1623 1554
495 1281 1459
1953 1666 1726
2435 1698 1629
3937 1673 1608
5178 1441 1468
5670 1645 1748
23 1187 1527
1198 1693 1701
1594 1646 1585
2230 1591 1503
2914 1091 1505
5603 1685 1704
5635 1617 1550
5930 1298 1442
2576 1329 1434
2781 992 1515
3559 1531 1873
2969 1304 1451
371 1525 1869
1637 1614 1807
3046 1277 1465
4265 1513 1490
4389 1614 1531
4841 1585 1478
530 1387 1437
1366 1688 1623
3302 1299 1452
5260 1614 1492
6057 1565 1869
4687 1705 1653
5848 1242 1502
6138 1644 1761
1744 1701 1668
1875 1108 1514
2176 1483 1914
2508 1563 1480
2884 1316 1447
2957 1472 1476
288 1627 1788
3523 931 1542
4625 1640 1580
5850 1163 1515
1920 1618 1546
5701 1581 1487
5918 990 1515
55 1489 1897
1307 1645 1594
1944 1090 1497
2205 1275 1458
4756 1378 1877
4939 1460 1916
5946 1631 1569
2873 950 1540
3485 1582 1477
4996 1272 1468
614 1688 1617
2016 1003 1507
2431 1464 1472
2666 1602 1827
3082 1524 1480
4814 1358 1430
6006 1468 1469
1397 1672 1609
2993 1241 1503
4523 1571 1855
13 917 1578
1946 1418 1450
3909 1626 1554
4715 1388 1435
5925 1325 1446
2283 1564 1864
2686 914 1595
4529 1398 1904
4954 1533 1474
629 1597 1509
759 1688 1707
1993 1697 1699
4627 1377 1442
5524 1644 1747
1769 1591 1479
3428 1589 1483
4245 983 1521
5238 1374 1423
5512 1570 1481
5565 1624 1572
3635 1715 1658
4001 1442 1928
4116 896 1579
2442 1623 1809
4004 1643 1571
4246 1690 1614
310 1298 1427
570 1642 1563
1064 1621 1521
1701 1608 1484
1808 1647 1568
3297 1522 1886
3639 1265 1463
3785 1618 1489
2054 1679 1599
2764 1619 1529
2861 1537 1468
2953 1725 1676
3266 1670 1723
5657 1670 1581
864 1712 1633
3407 1679 1722
6090 1674 1583
884 1241 1479
2989 897 1574
3243 1705 1704
5153 1084 1487
309 1710 1693
5653 1550 1887
776 1687 1719
1108 1656 1747
2590 1368 1408
3155 1618 1524
4278 1655 1742
129 1564 1876
1796 1558 1465
3783 1159 1505
219 1635 1558
1271 1712 1645
2831 1363 1399
3158 1349 1415
3947 1566 1880
6046 1639 1565
2331 871 1562
2822 1622 1505
3945 1717 1684
4539 1478 1469
4583 1578 1457
92 1488 1471
150 1565 1456
1337 1668 1572
2416 1355 1825
3799 1026 1485
4119 1481 1465
5077 1683 1611
5958 1507 1471
205 1603 1505
338 1695 1621
519 1644 1566
944 1561 1890
1460 1371 1406
4682 1644 1565
5885 1431 1928
6158 1093 1494
356 1023 1481
2540 1241 1491
4011 1700 1700
5421 1683 1720
1632 1709 1647
2158 1346 1411
2499 1214 1518
3971 1250 1470
6036 1719 1679
40 1621 1519
641 1618 1817
2134 1700 1709
4790 1694 1617
397 1390 1417
930 1654 1588
1474 1654 1578
1691 1665 1565
2514 1223 1503
3288 1431 1456
4601 1697 1609
6015 1225 1504
1324 1480 1466
2574 1339 1814
3015 1671 1578
4090 1470 1461
4453 1668 1600
4650 1675 1722
694 1672 1584
875 1317 1422
1107 1688 1601
1316 1582 1857
1991 1257 1464
4181 1673 1729
4502 1583 1469
5484 1651 1585
697 1622 1810
2267 1666 1601
4059 1606 1507
5092 1354 1421
5399 1715 1662
1482 1454 1927
1713 1567 1875
2274 1381 1423
2463 1601 1835
4132 1661 1566
1942 1684 1610
2101 1370 1898
3868 1716 1652
2240 1447 1455
2271 1365 1401
2956 892 1581
3520 1596 1501
3684 906 1624
4684 1491 1473
5184 891 1615
5350 1238 1496
5403 1680 1607
2006 1699 1625
2110 1597 1497
4932 1361 1408
1854 1601 1475
2444 1255 1473
3064 1600 1481
4106 1715 1690
577 1640 1567
579 1557 1463
936 1543 1463
1373 1333 1809
1498 1694 1619
1867 1696 1621
3119 1616 1526
4276 1695 1614
5218 1363 1401
5233 1379 1407
5337 1361 1398
5718 1193 1515
859 1618 1531
1698 1711 1630
1980 1284 1438
2603 1615 1516
3129 1562 1468
3337 1667 1567
4352 1113 1510
4666 1398 1436
5510 1615 1512
178 1641 1767
506 1720 1665
898 916 1615
1189 1687 1714
3034 1622 1813
3999 1586 1473
1493 1647 1573
1520 1481 1927
1950 1235 1501
3084 1377 1417
4366 1206 1525
5121 1710 1637
6143 1428 1447
514 1545 1465
5009 1305 1803
6108 1465 1459
1343 1634 1793
1791 886 1571
2823 1704 1697
3257 1624 1530
4460 930 1540
5857 1339 1418
6096 1665 1571
1080 1719 1671
1513 1719 1663
3845 1471 1931
16 1671 1594
3179 1487 1914
2899 1715 1670
57 1600 1510
5126 1347 1430
36 902 1617
1573 1695 1620
3732 1280 1434
5151 1626 1485
5290 1669 1732
5416 1318 1417
2119 1395 1432
2417 1586 1464
2916 1650 1584
3215 1624 1545
3596 1646 1581
5163 844 1581
630 1589 1474
1051 1578 1865
1230 1550 1888
1479 1654 1752
1864 1516 1464
3296 1311 1423
3578 1718 1678
3633 1625 1549
5053 1666 1595
6136 1256 1470
6137 1713 1657
1313 1603 1491
1503 1577 1469
2623 1714 1675
4349 1240 1492
4382 1597 1504
4505 1398 1429
424 1705 1634
1336 1438 1457
2051 1533 1471
2876 1486 1918
5505 1570 1466
1304 961 1531
2736 1703 1617
3042 1623 1521
3090 1639 1574
3168 1536 1892
5003 1330 1409
5383 1098 1491
5694 1620 1498
1216 1141 1509
1380 1626 1803
2106 1472 1467
2372 1290 1443
3487 1276 1441
6064 1530 1465
1648 1331 1407
2215 1360 1410
111 1574 1463
1547 1626 1495
2281 1342 1419
3605 1120 1513
1005 1702 1631
1009 930 1689
1110 1537 1462
4250 1655 1574
5482 1330 1410
5687 1619 1518
1532 1576 1468
5940 1335 1420
1328 1623 1498
1970 1384 1415
3024 1637 1571
3603 1708 1645
3786 1695 1704
5426 1379 1423
5518 1557 1466
5957 1670 1589
20 1457 1457
863 1591 1468
2746 1625 1808
2874 1693 1606
2900 1322 1418
3095 1439 1929
4999 1690 1617
1088 1668 1725
1574 1691 1603
3263 1335 1413
5398 1675 1591
5861 930 1557
3748 1177 1511
5799 919 1631
5898 976 1514
6240 1696 1712
75 1700 1624
1592 936 1547
1914 1343 1433
2107 1135 1513
5197 1572 1875
5882 1658 1742
671 1583 1459
1931 908 1551
2159 1191 1515
3175 1244 1481
3533 1465 1458
5628 908 1606
333 1045 1478
3012 1462 1930
3538 1625 1540
3581 1056 1480
4238 908 1619
5576 1203 1522
6254 1567 1468
1102 1466 1468
1227 1688 1606
3290 1209 1517
4130 1703 1699
551 1606 1502
3115 1563 1879
4469 1660 1576
5556 1598 1467
5563 1708 1647
3863 1701 1613
815 1633 1549
6042 1348 1416
93 980 1512
1240 984 1516
2167 1226 1510
3537 1685 1605
5987 1282 1444
6076 919 1628
1485 991 1511
2401 1623 1542
3410 1378 1914
6184 1596 1839
1113 1685 1597
2329 1500 1471
255 1628 1543
383 1700 1615
1440 1606 1508
2090 1400 1433
2374 1661 1570
3318 1569 1466
3469 1632 1792
4867 875 1555
5453 1578 1468
6195 1370 1404
58 1704 1624
1228 1688 1710
1828 1604 1502
2928 1473 1464
3403 1629 1557
4252 887 1556
5168 1725 1677
5259 1706 1636
5602 1632 1549
5914 1722 1668
451 1691 1608
1133 1669 1575
1175 1609 1516
3213 1615 1526
4087 1630 1795
4401 1596 1475
5672 1569 1883
2350 1711 1639
2482 1708 1626
4364 1670 1575
5049 1223 1509
334 1713 1650
2201 1551 1889
3507 982 1516
3853 1621 1536
4812 1686 1603
5300 1480 1468
6043 899 1585
6133 1716 1667
1244 1714 1666
1777 1343 1412
2713 1664 1586
4464 1665 1737
4703 1449 1455
2771 1671 1597
5039 1548 1463
5536 1652 1578
866 1623 1547
2673 1364 1410
2862 1367 1401
3267 1490 1472
3890 1668 1597
3974 1350 1413
5689 1654 1749
76 1659 1593
467 1425 1450
2546 1666 1731
3506 860 1591
4507 1607 1507
5686 1560 1470
6223 1435 1451
